  [1m[35m (1314.3ms)[0m  [1m[35mCREATE DATABASE "phomo_development" ENCODING = 'unicode'[0m
  ↳ bin/rails:9
  [1m[35m (1288.1ms)[0m  [1m[35mCREATE DATABASE "phomo_test" ENCODING = 'unicode'[0m
  ↳ bin/rails:9
  [1m[35m (36.6ms)[0m  [1m[35mCREATE TABLE "schema_migrations" ("version" character varying NOT NULL PRIMARY KEY)[0m
  ↳ bin/rails:9
  [1m[35m (54.3ms)[0m  [1m[35mCREATE TABLE "ar_internal_metadata" ("key" character varying NOT NULL PRIMARY KEY, "value" character varying, "created_at" timestamp NOT NULL, "updated_at" timestamp NOT NULL)[0m
  ↳ bin/rails:9
  [1m[35m (0.5ms)[0m  [1m[34mSELECT pg_try_advisory_lock(228921142723610610)[0m
  ↳ bin/rails:9
  [1m[35m (1.0ms)[0m  [1m[34mSELECT "schema_migrations"."version" FROM "schema_migrations" ORDER BY "schema_migrations"."version" ASC[0m
  ↳ bin/rails:9
Migrating to CreateUsers (20211024061523)
  [1m[35m (0.5ms)[0m  [1m[35mBEGIN[0m
  ↳ bin/rails:9
  [1m[35m (36.6ms)[0m  [1m[35mCREATE TABLE "users" ("id" bigserial primary key, "email" text, "password" text, "username" text, "name" text, "dob" date, "avatar" text, "bio" text, "followers" integer, "following" integer, "posts" integer)[0m
  ↳ db/migrate/20211024061523_create_users.rb:3
  [1m[36mActiveRecord::SchemaMigration Create (2.1ms)[0m  [1m[32mINSERT INTO "schema_migrations" ("version") VALUES ($1) RETURNING "version"[0m  [["version", "20211024061523"]]
  ↳ bin/rails:9
  [1m[35m (4.7ms)[0m  [1m[35mCOMMIT[0m
  ↳ bin/rails:9
  [1m[36mActiveRecord::InternalMetadata Load (1.2ms)[0m  [1m[34mSELECT  "ar_internal_metadata".* FROM "ar_internal_metadata" WHERE "ar_internal_metadata"."key" = $1 LIMIT $2[0m  [["key", "environment"], ["LIMIT", 1]]
  ↳ bin/rails:9
  [1m[35m (0.3ms)[0m  [1m[35mBEGIN[0m
  ↳ bin/rails:9
  [1m[36mActiveRecord::InternalMetadata Create (0.9ms)[0m  [1m[32mINSERT INTO "ar_internal_metadata" ("key", "value", "created_at", "updated_at") VALUES ($1, $2, $3, $4) RETURNING "key"[0m  [["key", "environment"], ["value", "development"], ["created_at", "2021-10-24 06:27:51.578025"], ["updated_at", "2021-10-24 06:27:51.578025"]]
  ↳ bin/rails:9
  [1m[35m (4.2ms)[0m  [1m[35mCOMMIT[0m
  ↳ bin/rails:9
  [1m[35m (0.7ms)[0m  [1m[34mSELECT pg_advisory_unlock(228921142723610610)[0m
  ↳ bin/rails:9
  [1m[35m (0.5ms)[0m  [1m[34mSELECT "schema_migrations"."version" FROM "schema_migrations" ORDER BY "schema_migrations"."version" ASC[0m
  ↳ bin/rails:9
  [1m[35m (0.3ms)[0m  [1m[34mSELECT pg_try_advisory_lock(228921142723610610)[0m
  ↳ bin/rails:9
  [1m[35m (1.4ms)[0m  [1m[34mSELECT "schema_migrations"."version" FROM "schema_migrations" ORDER BY "schema_migrations"."version" ASC[0m
  ↳ bin/rails:9
  [1m[36mActiveRecord::InternalMetadata Load (0.9ms)[0m  [1m[34mSELECT  "ar_internal_metadata".* FROM "ar_internal_metadata" WHERE "ar_internal_metadata"."key" = $1 LIMIT $2[0m  [["key", "environment"], ["LIMIT", 1]]
  ↳ bin/rails:9
  [1m[35m (0.2ms)[0m  [1m[35mBEGIN[0m
  ↳ bin/rails:9
  [1m[35m (0.3ms)[0m  [1m[35mCOMMIT[0m
  ↳ bin/rails:9
  [1m[35m (0.8ms)[0m  [1m[34mSELECT pg_advisory_unlock(228921142723610610)[0m
  ↳ bin/rails:9
  [1m[35m (0.5ms)[0m  [1m[34mSELECT "schema_migrations"."version" FROM "schema_migrations" ORDER BY "schema_migrations"."version" ASC[0m
  ↳ bin/rails:9
  [1m[35m (1.7ms)[0m  [1m[34mSELECT "schema_migrations"."version" FROM "schema_migrations" ORDER BY "schema_migrations"."version" ASC[0m
  ↳ bin/rails:9
  [1m[35m (0.6ms)[0m  [1m[34mSELECT "schema_migrations"."version" FROM "schema_migrations" ORDER BY "schema_migrations"."version" ASC[0m
  ↳ bin/rails:9
  [1m[35m (0.6ms)[0m  [1m[34mSELECT "schema_migrations"."version" FROM "schema_migrations" ORDER BY "schema_migrations"."version" ASC[0m
  ↳ bin/rails:9
  [1m[35m (0.5ms)[0m  [1m[34mSELECT pg_try_advisory_lock(228921142723610610)[0m
  ↳ bin/rails:9
  [1m[35m (0.9ms)[0m  [1m[34mSELECT "schema_migrations"."version" FROM "schema_migrations" ORDER BY "schema_migrations"."version" ASC[0m
  ↳ bin/rails:9
Migrating to CreateUsers (20211024061523)
  [1m[35m (0.6ms)[0m  [1m[35mBEGIN[0m
  ↳ bin/rails:9
  [1m[35m (2.9ms)[0m  [1m[35mDROP TABLE "users"[0m
  ↳ bin/rails:9
  [1m[36mActiveRecord::SchemaMigration Destroy (1.1ms)[0m  [1m[31mDELETE FROM "schema_migrations" WHERE "schema_migrations"."version" = $1[0m  [["version", "20211024061523"]]
  ↳ bin/rails:9
  [1m[35m (7.5ms)[0m  [1m[35mCOMMIT[0m
  ↳ bin/rails:9
  [1m[35m (0.8ms)[0m  [1m[34mSELECT pg_advisory_unlock(228921142723610610)[0m
  ↳ bin/rails:9
  [1m[35m (0.5ms)[0m  [1m[34mSELECT "schema_migrations"."version" FROM "schema_migrations" ORDER BY "schema_migrations"."version" ASC[0m
  ↳ bin/rails:9
  [1m[35m (0.6ms)[0m  [1m[34mSELECT pg_try_advisory_lock(228921142723610610)[0m
  ↳ bin/rails:9
  [1m[35m (1.0ms)[0m  [1m[34mSELECT "schema_migrations"."version" FROM "schema_migrations" ORDER BY "schema_migrations"."version" ASC[0m
  ↳ bin/rails:9
Migrating to CreateUsers (20211024061523)
  [1m[35m (0.5ms)[0m  [1m[35mBEGIN[0m
  ↳ bin/rails:9
  [1m[35m (43.6ms)[0m  [1m[35mCREATE TABLE "users" ("id" bigserial primary key, "email" text, "password" text, "username" text, "name" text, "dob" date, "avatar" text, "bio" text, "followers" integer, "following" integer, "posts" integer, "created_at" timestamp NOT NULL, "updated_at" timestamp NOT NULL)[0m
  ↳ db/migrate/20211024061523_create_users.rb:3
  [1m[36mActiveRecord::SchemaMigration Create (0.9ms)[0m  [1m[32mINSERT INTO "schema_migrations" ("version") VALUES ($1) RETURNING "version"[0m  [["version", "20211024061523"]]
  ↳ bin/rails:9
  [1m[35m (4.8ms)[0m  [1m[35mCOMMIT[0m
  ↳ bin/rails:9
  [1m[36mActiveRecord::InternalMetadata Load (1.3ms)[0m  [1m[34mSELECT  "ar_internal_metadata".* FROM "ar_internal_metadata" WHERE "ar_internal_metadata"."key" = $1 LIMIT $2[0m  [["key", "environment"], ["LIMIT", 1]]
  ↳ bin/rails:9
  [1m[35m (0.5ms)[0m  [1m[35mBEGIN[0m
  ↳ bin/rails:9
  [1m[35m (0.4ms)[0m  [1m[35mCOMMIT[0m
  ↳ bin/rails:9
  [1m[35m (0.6ms)[0m  [1m[34mSELECT pg_advisory_unlock(228921142723610610)[0m
  ↳ bin/rails:9
  [1m[35m (1.6ms)[0m  [1m[34mSELECT "schema_migrations"."version" FROM "schema_migrations" ORDER BY "schema_migrations"."version" ASC[0m
  ↳ bin/rails:9
  [1m[35m (0.4ms)[0m  [1m[34mSELECT "schema_migrations"."version" FROM "schema_migrations" ORDER BY "schema_migrations"."version" ASC[0m
  ↳ bin/rails:9
  [1m[35m (0.5ms)[0m  [1m[34mSELECT "schema_migrations"."version" FROM "schema_migrations" ORDER BY "schema_migrations"."version" ASC[0m
  ↳ bin/rails:9
  [1m[35m (0.4ms)[0m  [1m[34mSELECT "schema_migrations"."version" FROM "schema_migrations" ORDER BY "schema_migrations"."version" ASC[0m
  ↳ bin/rails:9
  [1m[35m (0.4ms)[0m  [1m[34mSELECT "schema_migrations"."version" FROM "schema_migrations" ORDER BY "schema_migrations"."version" ASC[0m
  ↳ bin/rails:9
  [1m[36mUser Load (0.4ms)[0m  [1m[34mSELECT "users".* FROM "users"[0m
  ↳ db/seeds.rb:1
  [1m[35m (0.1ms)[0m  [1m[35mBEGIN[0m
  ↳ db/seeds.rb:3
  [1m[36mUser Create (0.6ms)[0m  [1m[32mINSERT INTO "users" ("email", "password", "username", "name", "avatar", "bio", "created_at", "updated_at") VALUES ($1, $2, $3, $4, $5, $6, $7, $8) RETURNING "id"[0m  [["email", "traceylea9@gmail.com"], ["password", "chicken"], ["username", "charlied"], ["name", "Charlotte Harrison"], ["avatar", "https://images.unsplash.com/profile-1596560596229-75e397c42c34image?dpr=1&auto=format&fit=crop&w=150&h=150&q=60&crop=faces&bg=fff"], ["bio", "In 2010 I graduated from Goldsmiths, University of London. Since then I have worked for leading design agencies, Design Bridge and FITCH. Photography is a passion, which often crosses into my daily work. I specialise in street & portrait photography."], ["created_at", "2021-10-25 00:06:20.467206"], ["updated_at", "2021-10-25 00:06:20.467206"]]
  ↳ db/seeds.rb:3
  [1m[35m (2.7ms)[0m  [1m[35mCOMMIT[0m
  ↳ db/seeds.rb:3
  [1m[35m (0.1ms)[0m  [1m[35mBEGIN[0m
  ↳ db/seeds.rb:4
  [1m[36mUser Create (0.3ms)[0m  [1m[32mINSERT INTO "users" ("email", "password", "username", "name", "dob", "avatar", "bio", "created_at", "updated_at") VALUES ($1, $2, $3, $4, $5, $6, $7, $8, $9) RETURNING "id"[0m  [["email", "testemail1@gmail.com"], ["password", "chicken"], ["username", "el_ego"], ["name", "Elena Gordienko"], ["dob", "1993-02-25"], ["avatar", "https://images.unsplash.com/profile-1596560596229-75e397c42c34image?dpr=1&auto=format&fit=crop&w=150&h=150&q=60&crop=faces&bg=fff"], ["bio", "Я абрикос, на юге рос"], ["created_at", "2021-10-25 00:06:20.472276"], ["updated_at", "2021-10-25 00:06:20.472276"]]
  ↳ db/seeds.rb:4
  [1m[35m (2.6ms)[0m  [1m[35mCOMMIT[0m
  ↳ db/seeds.rb:4
  [1m[35m (0.2ms)[0m  [1m[35mBEGIN[0m
  ↳ db/seeds.rb:5
  [1m[36mUser Create (0.4ms)[0m  [1m[32mINSERT INTO "users" ("email", "password", "username", "name", "dob", "avatar", "bio", "created_at", "updated_at") VALUES ($1, $2, $3, $4, $5, $6, $7, $8, $9) RETURNING "id"[0m  [["email", "testemail2@gmail.com"], ["password", "chicken"], ["username", "pixworthmedia"], ["name", "Eriks Abzinovs"], ["dob", "1972-07-18"], ["avatar", "https://images.unsplash.com/profile-1563200334273-0a1336be3e34?dpr=1&auto=format&fit=crop&w=150&h=150&q=60&crop=faces&bg=fff"], ["bio", "Seeing life through a lens began as a hobby for me, however, it quickly developed into a passion and an outlet for my creativity. the quality of the image and trying to deliver something unique is a key part of my photography"], ["created_at", "2021-10-25 00:06:20.476770"], ["updated_at", "2021-10-25 00:06:20.476770"]]
  ↳ db/seeds.rb:5
  [1m[35m (4.0ms)[0m  [1m[35mCOMMIT[0m
  ↳ db/seeds.rb:5
  [1m[35m (0.1ms)[0m  [1m[35mBEGIN[0m
  ↳ db/seeds.rb:6
  [1m[36mUser Create (0.5ms)[0m  [1m[32mINSERT INTO "users" ("email", "password", "username", "name", "dob", "avatar", "bio", "created_at", "updated_at") VALUES ($1, $2, $3, $4, $5, $6, $7, $8, $9) RETURNING "id"[0m  [["email", "testemail3@gmail.com"], ["password", "chicken"], ["username", "mattpopovich"], ["name", "Matt Popovich"], ["dob", "1981-09-08"], ["avatar", "https://images.unsplash.com/profile-1486040440552-1864100ad7c3?dpr=1&auto=format&fit=crop&w=150&h=150&q=60&crop=faces&bg=fff"], ["bio", "Every photo I upload, including those published after June 2017, has been previously dedicated to the public domain under a CC0 1.0 license."], ["created_at", "2021-10-25 00:06:20.482661"], ["updated_at", "2021-10-25 00:06:20.482661"]]
  ↳ db/seeds.rb:6
  [1m[35m (15.0ms)[0m  [1m[35mCOMMIT[0m
  ↳ db/seeds.rb:6
  [1m[35m (0.2ms)[0m  [1m[35mBEGIN[0m
  ↳ db/seeds.rb:7
  [1m[36mUser Create (0.3ms)[0m  [1m[32mINSERT INTO "users" ("email", "password", "username", "name", "dob", "avatar", "bio", "created_at", "updated_at") VALUES ($1, $2, $3, $4, $5, $6, $7, $8, $9) RETURNING "id"[0m  [["email", "testemail4@gmail.com"], ["password", "chicken"], ["username", "yokosaito"], ["name", "Yoko Saito"], ["dob", "1983-12-12"], ["avatar", "https://images.unsplash.com/profile-1558935199453-e6a5fbee3b7e?dpr=1&auto=format&fit=crop&w=150&h=150&q=60&crop=faces&bg=fff"], ["bio", "photographer"], ["created_at", "2021-10-25 00:06:20.500491"], ["updated_at", "2021-10-25 00:06:20.500491"]]
  ↳ db/seeds.rb:7
  [1m[35m (5.2ms)[0m  [1m[35mCOMMIT[0m
  ↳ db/seeds.rb:7
  [1m[35m (0.3ms)[0m  [1m[35mBEGIN[0m
  ↳ db/seeds.rb:8
  [1m[36mUser Create (0.3ms)[0m  [1m[32mINSERT INTO "users" ("email", "password", "username", "name", "dob", "avatar", "bio", "created_at", "updated_at") VALUES ($1, $2, $3, $4, $5, $6, $7, $8, $9) RETURNING "id"[0m  [["email", "testemail4@gmail.com"], ["password", "chicken"], ["username", "kristinadelp"], ["name", "Kristina Delp"], ["dob", "2002-08-04"], ["avatar", "https://images.unsplash.com/profile-1609522357713-7de8f47be60bimage?dpr=1&auto=format&fit=crop&w=150&h=150&q=60&crop=faces&bg=fff"], ["bio", "connecticut cinematographer\na place for my still photography."], ["created_at", "2021-10-25 00:06:20.508213"], ["updated_at", "2021-10-25 00:06:20.508213"]]
  ↳ db/seeds.rb:8
  [1m[35m (4.9ms)[0m  [1m[35mCOMMIT[0m
  ↳ db/seeds.rb:8
  [1m[35m (0.4ms)[0m  [1m[34mSELECT COUNT(*) FROM "users"[0m
  ↳ db/seeds.rb:11
  [1m[35m (0.5ms)[0m  [1m[34mSELECT "schema_migrations"."version" FROM "schema_migrations" ORDER BY "schema_migrations"."version" ASC[0m
  ↳ bin/rails:9
  [1m[36mUser Load (0.6ms)[0m  [1m[34mSELECT "users".* FROM "users"[0m
  ↳ db/seeds.rb:1
  [1m[35m (0.2ms)[0m  [1m[35mBEGIN[0m
  ↳ db/seeds.rb:1
  [1m[36mUser Destroy (0.4ms)[0m  [1m[31mDELETE FROM "users" WHERE "users"."id" = $1[0m  [["id", 1]]
  ↳ db/seeds.rb:1
  [1m[35m (2.6ms)[0m  [1m[35mCOMMIT[0m
  ↳ db/seeds.rb:1
  [1m[35m (0.1ms)[0m  [1m[35mBEGIN[0m
  ↳ db/seeds.rb:1
  [1m[36mUser Destroy (0.2ms)[0m  [1m[31mDELETE FROM "users" WHERE "users"."id" = $1[0m  [["id", 2]]
  ↳ db/seeds.rb:1
  [1m[35m (2.5ms)[0m  [1m[35mCOMMIT[0m
  ↳ db/seeds.rb:1
  [1m[35m (0.1ms)[0m  [1m[35mBEGIN[0m
  ↳ db/seeds.rb:1
  [1m[36mUser Destroy (0.2ms)[0m  [1m[31mDELETE FROM "users" WHERE "users"."id" = $1[0m  [["id", 3]]
  ↳ db/seeds.rb:1
  [1m[35m (2.6ms)[0m  [1m[35mCOMMIT[0m
  ↳ db/seeds.rb:1
  [1m[35m (0.2ms)[0m  [1m[35mBEGIN[0m
  ↳ db/seeds.rb:1
  [1m[36mUser Destroy (0.3ms)[0m  [1m[31mDELETE FROM "users" WHERE "users"."id" = $1[0m  [["id", 4]]
  ↳ db/seeds.rb:1
  [1m[35m (5.1ms)[0m  [1m[35mCOMMIT[0m
  ↳ db/seeds.rb:1
  [1m[35m (0.1ms)[0m  [1m[35mBEGIN[0m
  ↳ db/seeds.rb:1
  [1m[36mUser Destroy (0.3ms)[0m  [1m[31mDELETE FROM "users" WHERE "users"."id" = $1[0m  [["id", 5]]
  ↳ db/seeds.rb:1
  [1m[35m (13.7ms)[0m  [1m[35mCOMMIT[0m
  ↳ db/seeds.rb:1
  [1m[35m (0.1ms)[0m  [1m[35mBEGIN[0m
  ↳ db/seeds.rb:1
  [1m[36mUser Destroy (0.3ms)[0m  [1m[31mDELETE FROM "users" WHERE "users"."id" = $1[0m  [["id", 6]]
  ↳ db/seeds.rb:1
  [1m[35m (2.7ms)[0m  [1m[35mCOMMIT[0m
  ↳ db/seeds.rb:1
  [1m[35m (0.1ms)[0m  [1m[35mBEGIN[0m
  ↳ db/seeds.rb:3
  [1m[36mUser Create (0.4ms)[0m  [1m[32mINSERT INTO "users" ("email", "password", "username", "name", "avatar", "bio", "created_at", "updated_at") VALUES ($1, $2, $3, $4, $5, $6, $7, $8) RETURNING "id"[0m  [["email", "traceylea9@gmail.com"], ["password", "chicken"], ["username", "charlied"], ["name", "Charlotte Harrison"], ["avatar", "https://images.unsplash.com/profile-1596560596229-75e397c42c34image?dpr=1&auto=format&fit=crop&w=150&h=150&q=60&crop=faces&bg=fff"], ["bio", "In 2010 I graduated from Goldsmiths, University of London. Since then I have worked for leading design agencies, Design Bridge and FITCH. Photography is a passion, which often crosses into my daily work. I specialise in street & portrait photography."], ["created_at", "2021-10-25 00:06:44.286854"], ["updated_at", "2021-10-25 00:06:44.286854"]]
  ↳ db/seeds.rb:3
  [1m[35m (2.7ms)[0m  [1m[35mCOMMIT[0m
  ↳ db/seeds.rb:3
  [1m[35m (0.2ms)[0m  [1m[35mBEGIN[0m
  ↳ db/seeds.rb:4
  [1m[36mUser Create (0.2ms)[0m  [1m[32mINSERT INTO "users" ("email", "password", "username", "name", "dob", "avatar", "bio", "created_at", "updated_at") VALUES ($1, $2, $3, $4, $5, $6, $7, $8, $9) RETURNING "id"[0m  [["email", "testemail1@gmail.com"], ["password", "chicken"], ["username", "el_ego"], ["name", "Elena Gordienko"], ["dob", "1993-02-25"], ["avatar", "https://images.unsplash.com/profile-1596560596229-75e397c42c34image?dpr=1&auto=format&fit=crop&w=150&h=150&q=60&crop=faces&bg=fff"], ["bio", "Я абрикос, на юге рос"], ["created_at", "2021-10-25 00:06:44.291882"], ["updated_at", "2021-10-25 00:06:44.291882"]]
  ↳ db/seeds.rb:4
  [1m[35m (2.7ms)[0m  [1m[35mCOMMIT[0m
  ↳ db/seeds.rb:4
  [1m[35m (0.1ms)[0m  [1m[35mBEGIN[0m
  ↳ db/seeds.rb:5
  [1m[36mUser Create (0.2ms)[0m  [1m[32mINSERT INTO "users" ("email", "password", "username", "name", "dob", "avatar", "bio", "created_at", "updated_at") VALUES ($1, $2, $3, $4, $5, $6, $7, $8, $9) RETURNING "id"[0m  [["email", "testemail2@gmail.com"], ["password", "chicken"], ["username", "pixworthmedia"], ["name", "Eriks Abzinovs"], ["dob", "1972-07-18"], ["avatar", "https://images.unsplash.com/profile-1563200334273-0a1336be3e34?dpr=1&auto=format&fit=crop&w=150&h=150&q=60&crop=faces&bg=fff"], ["bio", "Seeing life through a lens began as a hobby for me, however, it quickly developed into a passion and an outlet for my creativity. the quality of the image and trying to deliver something unique is a key part of my photography"], ["created_at", "2021-10-25 00:06:44.296259"], ["updated_at", "2021-10-25 00:06:44.296259"]]
  ↳ db/seeds.rb:5
  [1m[35m (2.7ms)[0m  [1m[35mCOMMIT[0m
  ↳ db/seeds.rb:5
  [1m[35m (0.1ms)[0m  [1m[35mBEGIN[0m
  ↳ db/seeds.rb:6
  [1m[36mUser Create (0.2ms)[0m  [1m[32mINSERT INTO "users" ("email", "password", "username", "name", "dob", "avatar", "bio", "created_at", "updated_at") VALUES ($1, $2, $3, $4, $5, $6, $7, $8, $9) RETURNING "id"[0m  [["email", "testemail3@gmail.com"], ["password", "chicken"], ["username", "mattpopovich"], ["name", "Matt Popovich"], ["dob", "1981-09-08"], ["avatar", "https://images.unsplash.com/profile-1486040440552-1864100ad7c3?dpr=1&auto=format&fit=crop&w=150&h=150&q=60&crop=faces&bg=fff"], ["bio", "Every photo I upload, including those published after June 2017, has been previously dedicated to the public domain under a CC0 1.0 license."], ["created_at", "2021-10-25 00:06:44.300433"], ["updated_at", "2021-10-25 00:06:44.300433"]]
  ↳ db/seeds.rb:6
  [1m[35m (2.6ms)[0m  [1m[35mCOMMIT[0m
  ↳ db/seeds.rb:6
  [1m[35m (0.1ms)[0m  [1m[35mBEGIN[0m
  ↳ db/seeds.rb:7
  [1m[36mUser Create (0.2ms)[0m  [1m[32mINSERT INTO "users" ("email", "password", "username", "name", "dob", "avatar", "bio", "created_at", "updated_at") VALUES ($1, $2, $3, $4, $5, $6, $7, $8, $9) RETURNING "id"[0m  [["email", "testemail4@gmail.com"], ["password", "chicken"], ["username", "yokosaito"], ["name", "Yoko Saito"], ["dob", "1983-12-12"], ["avatar", "https://images.unsplash.com/profile-1558935199453-e6a5fbee3b7e?dpr=1&auto=format&fit=crop&w=150&h=150&q=60&crop=faces&bg=fff"], ["bio", "photographer"], ["created_at", "2021-10-25 00:06:44.304534"], ["updated_at", "2021-10-25 00:06:44.304534"]]
  ↳ db/seeds.rb:7
  [1m[35m (2.6ms)[0m  [1m[35mCOMMIT[0m
  ↳ db/seeds.rb:7
  [1m[35m (0.1ms)[0m  [1m[35mBEGIN[0m
  ↳ db/seeds.rb:8
  [1m[36mUser Create (0.2ms)[0m  [1m[32mINSERT INTO "users" ("email", "password", "username", "name", "dob", "avatar", "bio", "created_at", "updated_at") VALUES ($1, $2, $3, $4, $5, $6, $7, $8, $9) RETURNING "id"[0m  [["email", "testemail4@gmail.com"], ["password", "chicken"], ["username", "kristinadelp"], ["name", "Kristina Delp"], ["dob", "2002-08-04"], ["avatar", "https://images.unsplash.com/profile-1609522357713-7de8f47be60bimage?dpr=1&auto=format&fit=crop&w=150&h=150&q=60&crop=faces&bg=fff"], ["bio", "connecticut cinematographer\na place for my still photography."], ["created_at", "2021-10-25 00:06:44.308655"], ["updated_at", "2021-10-25 00:06:44.308655"]]
  ↳ db/seeds.rb:8
  [1m[35m (2.6ms)[0m  [1m[35mCOMMIT[0m
  ↳ db/seeds.rb:8
  [1m[35m (0.3ms)[0m  [1m[34mSELECT COUNT(*) FROM "users"[0m
  ↳ db/seeds.rb:11
  [1m[36mUser Load (0.3ms)[0m  [1m[34mSELECT "users".* FROM "users"[0m
  [1m[35m (0.3ms)[0m  [1m[34mSELECT pg_try_advisory_lock(228921142723610610)[0m
  ↳ bin/rails:9
  [1m[35m (0.4ms)[0m  [1m[34mSELECT "schema_migrations"."version" FROM "schema_migrations" ORDER BY "schema_migrations"."version" ASC[0m
  ↳ bin/rails:9
Migrating to CreatePosts (20211025002427)
  [1m[35m (0.2ms)[0m  [1m[35mBEGIN[0m
  ↳ bin/rails:9
  [1m[35m (34.7ms)[0m  [1m[35mCREATE TABLE "posts" ("id" bigserial primary key, "photo" text, "location" text, "description" text, "created_at" timestamp NOT NULL, "updated_at" timestamp NOT NULL)[0m
  ↳ db/migrate/20211025002427_create_posts.rb:3
  [1m[36mActiveRecord::SchemaMigration Create (0.4ms)[0m  [1m[32mINSERT INTO "schema_migrations" ("version") VALUES ($1) RETURNING "version"[0m  [["version", "20211025002427"]]
  ↳ bin/rails:9
  [1m[35m (2.9ms)[0m  [1m[35mCOMMIT[0m
  ↳ bin/rails:9
  [1m[36mActiveRecord::InternalMetadata Load (0.3ms)[0m  [1m[34mSELECT  "ar_internal_metadata".* FROM "ar_internal_metadata" WHERE "ar_internal_metadata"."key" = $1 LIMIT $2[0m  [["key", "environment"], ["LIMIT", 1]]
  ↳ bin/rails:9
  [1m[35m (0.2ms)[0m  [1m[35mBEGIN[0m
  ↳ bin/rails:9
  [1m[35m (0.1ms)[0m  [1m[35mCOMMIT[0m
  ↳ bin/rails:9
  [1m[35m (0.4ms)[0m  [1m[34mSELECT pg_advisory_unlock(228921142723610610)[0m
  ↳ bin/rails:9
  [1m[35m (0.2ms)[0m  [1m[34mSELECT "schema_migrations"."version" FROM "schema_migrations" ORDER BY "schema_migrations"."version" ASC[0m
  ↳ bin/rails:9
  [1m[35m (0.5ms)[0m  [1m[34mSELECT "schema_migrations"."version" FROM "schema_migrations" ORDER BY "schema_migrations"."version" ASC[0m
  ↳ bin/rails:9
  [1m[36mUser Load (0.7ms)[0m  [1m[34mSELECT "users".* FROM "users"[0m
  ↳ db/seeds.rb:1
  [1m[35m (0.1ms)[0m  [1m[35mBEGIN[0m
  ↳ db/seeds.rb:1
  [1m[36mUser Destroy (0.5ms)[0m  [1m[31mDELETE FROM "users" WHERE "users"."id" = $1[0m  [["id", 7]]
  ↳ db/seeds.rb:1
  [1m[35m (2.8ms)[0m  [1m[35mCOMMIT[0m
  ↳ db/seeds.rb:1
  [1m[35m (0.2ms)[0m  [1m[35mBEGIN[0m
  ↳ db/seeds.rb:1
  [1m[36mUser Destroy (0.3ms)[0m  [1m[31mDELETE FROM "users" WHERE "users"."id" = $1[0m  [["id", 8]]
  ↳ db/seeds.rb:1
  [1m[35m (5.5ms)[0m  [1m[35mCOMMIT[0m
  ↳ db/seeds.rb:1
  [1m[35m (0.2ms)[0m  [1m[35mBEGIN[0m
  ↳ db/seeds.rb:1
  [1m[36mUser Destroy (0.4ms)[0m  [1m[31mDELETE FROM "users" WHERE "users"."id" = $1[0m  [["id", 9]]
  ↳ db/seeds.rb:1
  [1m[35m (16.3ms)[0m  [1m[35mCOMMIT[0m
  ↳ db/seeds.rb:1
  [1m[35m (0.2ms)[0m  [1m[35mBEGIN[0m
  ↳ db/seeds.rb:1
  [1m[36mUser Destroy (0.3ms)[0m  [1m[31mDELETE FROM "users" WHERE "users"."id" = $1[0m  [["id", 10]]
  ↳ db/seeds.rb:1
  [1m[35m (4.8ms)[0m  [1m[35mCOMMIT[0m
  ↳ db/seeds.rb:1
  [1m[35m (0.1ms)[0m  [1m[35mBEGIN[0m
  ↳ db/seeds.rb:1
  [1m[36mUser Destroy (0.3ms)[0m  [1m[31mDELETE FROM "users" WHERE "users"."id" = $1[0m  [["id", 11]]
  ↳ db/seeds.rb:1
  [1m[35m (4.7ms)[0m  [1m[35mCOMMIT[0m
  ↳ db/seeds.rb:1
  [1m[35m (0.3ms)[0m  [1m[35mBEGIN[0m
  ↳ db/seeds.rb:1
  [1m[36mUser Destroy (0.3ms)[0m  [1m[31mDELETE FROM "users" WHERE "users"."id" = $1[0m  [["id", 12]]
  ↳ db/seeds.rb:1
  [1m[35m (2.7ms)[0m  [1m[35mCOMMIT[0m
  ↳ db/seeds.rb:1
  [1m[35m (0.1ms)[0m  [1m[35mBEGIN[0m
  ↳ db/seeds.rb:3
  [1m[36mUser Create (0.3ms)[0m  [1m[32mINSERT INTO "users" ("email", "password", "username", "name", "avatar", "bio", "created_at", "updated_at") VALUES ($1, $2, $3, $4, $5, $6, $7, $8) RETURNING "id"[0m  [["email", "traceylea9@gmail.com"], ["password", "chicken"], ["username", "charlottelharrison"], ["name", "Charlotte Harrison"], ["avatar", "https://images.unsplash.com/profile-1620142405492-8002521cec6aimage?dpr=1&auto=format&fit=crop&w=150&h=150&q=60&crop=faces&bg=fff"], ["bio", "In 2010 I graduated from Goldsmiths, University of London. Since then I have worked for leading design agencies, Design Bridge and FITCH. Photography is a passion, which often crosses into my daily work. I specialise in street & portrait photography."], ["created_at", "2021-10-25 02:38:02.201634"], ["updated_at", "2021-10-25 02:38:02.201634"]]
  ↳ db/seeds.rb:3
  [1m[35m (2.6ms)[0m  [1m[35mCOMMIT[0m
  ↳ db/seeds.rb:3
  [1m[35m (0.1ms)[0m  [1m[35mBEGIN[0m
  ↳ db/seeds.rb:4
  [1m[36mUser Create (0.3ms)[0m  [1m[32mINSERT INTO "users" ("email", "password", "username", "name", "dob", "avatar", "bio", "created_at", "updated_at") VALUES ($1, $2, $3, $4, $5, $6, $7, $8, $9) RETURNING "id"[0m  [["email", "testemail1@gmail.com"], ["password", "chicken"], ["username", "el_ego"], ["name", "Elena Gordienko"], ["dob", "1993-02-25"], ["avatar", "https://images.unsplash.com/profile-1596560596229-75e397c42c34image?dpr=1&auto=format&fit=crop&w=150&h=150&q=60&crop=faces&bg=fff"], ["bio", "Я абрикос, на юге рос"], ["created_at", "2021-10-25 02:38:02.206199"], ["updated_at", "2021-10-25 02:38:02.206199"]]
  ↳ db/seeds.rb:4
  [1m[35m (2.6ms)[0m  [1m[35mCOMMIT[0m
  ↳ db/seeds.rb:4
  [1m[35m (0.1ms)[0m  [1m[35mBEGIN[0m
  ↳ db/seeds.rb:5
  [1m[36mUser Create (0.3ms)[0m  [1m[32mINSERT INTO "users" ("email", "password", "username", "name", "dob", "avatar", "bio", "created_at", "updated_at") VALUES ($1, $2, $3, $4, $5, $6, $7, $8, $9) RETURNING "id"[0m  [["email", "testemail2@gmail.com"], ["password", "chicken"], ["username", "pixworthmedia"], ["name", "Eriks Abzinovs"], ["dob", "1972-07-18"], ["avatar", "https://images.unsplash.com/profile-1563200334273-0a1336be3e34?dpr=1&auto=format&fit=crop&w=150&h=150&q=60&crop=faces&bg=fff"], ["bio", "Seeing life through a lens began as a hobby for me, however, it quickly developed into a passion and an outlet for my creativity. the quality of the image and trying to deliver something unique is a key part of my photography"], ["created_at", "2021-10-25 02:38:02.210481"], ["updated_at", "2021-10-25 02:38:02.210481"]]
  ↳ db/seeds.rb:5
  [1m[35m (2.6ms)[0m  [1m[35mCOMMIT[0m
  ↳ db/seeds.rb:5
  [1m[35m (0.1ms)[0m  [1m[35mBEGIN[0m
  ↳ db/seeds.rb:6
  [1m[36mUser Create (0.3ms)[0m  [1m[32mINSERT INTO "users" ("email", "password", "username", "name", "dob", "avatar", "bio", "created_at", "updated_at") VALUES ($1, $2, $3, $4, $5, $6, $7, $8, $9) RETURNING "id"[0m  [["email", "testemail3@gmail.com"], ["password", "chicken"], ["username", "mattpopovich"], ["name", "Matt Popovich"], ["dob", "1981-09-08"], ["avatar", "https://images.unsplash.com/profile-1486040440552-1864100ad7c3?dpr=1&auto=format&fit=crop&w=150&h=150&q=60&crop=faces&bg=fff"], ["bio", "Every photo I upload, including those published after June 2017, has been previously dedicated to the public domain under a CC0 1.0 license."], ["created_at", "2021-10-25 02:38:02.214817"], ["updated_at", "2021-10-25 02:38:02.214817"]]
  ↳ db/seeds.rb:6
  [1m[35m (5.5ms)[0m  [1m[35mCOMMIT[0m
  ↳ db/seeds.rb:6
  [1m[35m (0.5ms)[0m  [1m[35mBEGIN[0m
  ↳ db/seeds.rb:7
  [1m[36mUser Create (0.6ms)[0m  [1m[32mINSERT INTO "users" ("email", "password", "username", "name", "dob", "avatar", "bio", "created_at", "updated_at") VALUES ($1, $2, $3, $4, $5, $6, $7, $8, $9) RETURNING "id"[0m  [["email", "testemail4@gmail.com"], ["password", "chicken"], ["username", "yokosaito"], ["name", "Yoko Saito"], ["dob", "1983-12-12"], ["avatar", "https://images.unsplash.com/profile-1558935199453-e6a5fbee3b7e?dpr=1&auto=format&fit=crop&w=150&h=150&q=60&crop=faces&bg=fff"], ["bio", "photographer"], ["created_at", "2021-10-25 02:38:02.233028"], ["updated_at", "2021-10-25 02:38:02.233028"]]
  ↳ db/seeds.rb:7
  [1m[35m (5.5ms)[0m  [1m[35mCOMMIT[0m
  ↳ db/seeds.rb:7
  [1m[35m (0.1ms)[0m  [1m[35mBEGIN[0m
  ↳ db/seeds.rb:8
  [1m[36mUser Create (0.4ms)[0m  [1m[32mINSERT INTO "users" ("email", "password", "username", "name", "dob", "avatar", "bio", "created_at", "updated_at") VALUES ($1, $2, $3, $4, $5, $6, $7, $8, $9) RETURNING "id"[0m  [["email", "testemail4@gmail.com"], ["password", "chicken"], ["username", "kristinadelp"], ["name", "Kristina Delp"], ["dob", "2002-08-04"], ["avatar", "https://images.unsplash.com/profile-1609522357713-7de8f47be60bimage?dpr=1&auto=format&fit=crop&w=150&h=150&q=60&crop=faces&bg=fff"], ["bio", "connecticut cinematographer\na place for my still photography."], ["created_at", "2021-10-25 02:38:02.241009"], ["updated_at", "2021-10-25 02:38:02.241009"]]
  ↳ db/seeds.rb:8
  [1m[35m (4.8ms)[0m  [1m[35mCOMMIT[0m
  ↳ db/seeds.rb:8
  [1m[35m (0.3ms)[0m  [1m[34mSELECT COUNT(*) FROM "users"[0m
  ↳ db/seeds.rb:11
  [1m[35m (0.4ms)[0m  [1m[34mSELECT "schema_migrations"."version" FROM "schema_migrations" ORDER BY "schema_migrations"."version" ASC[0m
  ↳ bin/rails:9
  [1m[36mUser Load (0.3ms)[0m  [1m[34mSELECT "users".* FROM "users"[0m
  ↳ db/seeds.rb:1
  [1m[35m (0.2ms)[0m  [1m[35mBEGIN[0m
  ↳ db/seeds.rb:1
  [1m[36mUser Destroy (0.4ms)[0m  [1m[31mDELETE FROM "users" WHERE "users"."id" = $1[0m  [["id", 13]]
  ↳ db/seeds.rb:1
  [1m[35m (2.7ms)[0m  [1m[35mCOMMIT[0m
  ↳ db/seeds.rb:1
  [1m[35m (0.1ms)[0m  [1m[35mBEGIN[0m
  ↳ db/seeds.rb:1
  [1m[36mUser Destroy (0.2ms)[0m  [1m[31mDELETE FROM "users" WHERE "users"."id" = $1[0m  [["id", 14]]
  ↳ db/seeds.rb:1
  [1m[35m (5.4ms)[0m  [1m[35mCOMMIT[0m
  ↳ db/seeds.rb:1
  [1m[35m (0.1ms)[0m  [1m[35mBEGIN[0m
  ↳ db/seeds.rb:1
  [1m[36mUser Destroy (0.3ms)[0m  [1m[31mDELETE FROM "users" WHERE "users"."id" = $1[0m  [["id", 15]]
  ↳ db/seeds.rb:1
  [1m[35m (16.2ms)[0m  [1m[35mCOMMIT[0m
  ↳ db/seeds.rb:1
  [1m[35m (0.2ms)[0m  [1m[35mBEGIN[0m
  ↳ db/seeds.rb:1
  [1m[36mUser Destroy (0.3ms)[0m  [1m[31mDELETE FROM "users" WHERE "users"."id" = $1[0m  [["id", 16]]
  ↳ db/seeds.rb:1
  [1m[35m (4.7ms)[0m  [1m[35mCOMMIT[0m
  ↳ db/seeds.rb:1
  [1m[35m (0.1ms)[0m  [1m[35mBEGIN[0m
  ↳ db/seeds.rb:1
  [1m[36mUser Destroy (0.2ms)[0m  [1m[31mDELETE FROM "users" WHERE "users"."id" = $1[0m  [["id", 17]]
  ↳ db/seeds.rb:1
  [1m[35m (4.7ms)[0m  [1m[35mCOMMIT[0m
  ↳ db/seeds.rb:1
  [1m[35m (0.2ms)[0m  [1m[35mBEGIN[0m
  ↳ db/seeds.rb:1
  [1m[36mUser Destroy (0.3ms)[0m  [1m[31mDELETE FROM "users" WHERE "users"."id" = $1[0m  [["id", 18]]
  ↳ db/seeds.rb:1
  [1m[35m (2.8ms)[0m  [1m[35mCOMMIT[0m
  ↳ db/seeds.rb:1
  [1m[35m (0.1ms)[0m  [1m[35mBEGIN[0m
  ↳ db/seeds.rb:3
  [1m[36mUser Create (0.3ms)[0m  [1m[32mINSERT INTO "users" ("email", "password", "username", "name", "avatar", "bio", "created_at", "updated_at") VALUES ($1, $2, $3, $4, $5, $6, $7, $8) RETURNING "id"[0m  [["email", "traceylea9@gmail.com"], ["password", "chicken"], ["username", "charlottelharrison"], ["name", "Charlotte Harrison"], ["avatar", "https://images.unsplash.com/profile-1620142405492-8002521cec6aimage?dpr=1&auto=format&fit=crop&w=150&h=150&q=60&crop=faces&bg=fff"], ["bio", "In 2010 I graduated from Goldsmiths, University of London. Since then I have worked for leading design agencies, Design Bridge and FITCH. Photography is a passion, which often crosses into my daily work. I specialise in street & portrait photography."], ["created_at", "2021-10-25 02:39:29.752758"], ["updated_at", "2021-10-25 02:39:29.752758"]]
  ↳ db/seeds.rb:3
  [1m[35m (2.7ms)[0m  [1m[35mCOMMIT[0m
  ↳ db/seeds.rb:3
  [1m[35m (0.2ms)[0m  [1m[35mBEGIN[0m
  ↳ db/seeds.rb:4
  [1m[36mUser Create (0.2ms)[0m  [1m[32mINSERT INTO "users" ("email", "password", "username", "name", "dob", "avatar", "bio", "created_at", "updated_at") VALUES ($1, $2, $3, $4, $5, $6, $7, $8, $9) RETURNING "id"[0m  [["email", "testemail1@gmail.com"], ["password", "chicken"], ["username", "el_ego"], ["name", "Elena Gordienko"], ["dob", "1993-02-25"], ["avatar", "https://images.unsplash.com/profile-1596560596229-75e397c42c34image?dpr=1&auto=format&fit=crop&w=150&h=150&q=60&crop=faces&bg=fff"], ["bio", "Я абрикос, на юге рос"], ["created_at", "2021-10-25 02:39:29.757539"], ["updated_at", "2021-10-25 02:39:29.757539"]]
  ↳ db/seeds.rb:4
  [1m[35m (2.7ms)[0m  [1m[35mCOMMIT[0m
  ↳ db/seeds.rb:4
  [1m[35m (0.1ms)[0m  [1m[35mBEGIN[0m
  ↳ db/seeds.rb:5
  [1m[36mUser Create (0.3ms)[0m  [1m[32mINSERT INTO "users" ("email", "password", "username", "name", "dob", "avatar", "bio", "created_at", "updated_at") VALUES ($1, $2, $3, $4, $5, $6, $7, $8, $9) RETURNING "id"[0m  [["email", "testemail2@gmail.com"], ["password", "chicken"], ["username", "pixworthmedia"], ["name", "Eriks Abzinovs"], ["dob", "1972-07-18"], ["avatar", "https://images.unsplash.com/profile-1563200334273-0a1336be3e34?dpr=1&auto=format&fit=crop&w=150&h=150&q=60&crop=faces&bg=fff"], ["bio", "Seeing life through a lens began as a hobby for me, however, it quickly developed into a passion and an outlet for my creativity. the quality of the image and trying to deliver something unique is a key part of my photography"], ["created_at", "2021-10-25 02:39:29.762011"], ["updated_at", "2021-10-25 02:39:29.762011"]]
  ↳ db/seeds.rb:5
  [1m[35m (2.8ms)[0m  [1m[35mCOMMIT[0m
  ↳ db/seeds.rb:5
  [1m[35m (0.2ms)[0m  [1m[35mBEGIN[0m
  ↳ db/seeds.rb:6
  [1m[36mUser Create (0.5ms)[0m  [1m[32mINSERT INTO "users" ("email", "password", "username", "name", "dob", "avatar", "bio", "created_at", "updated_at") VALUES ($1, $2, $3, $4, $5, $6, $7, $8, $9) RETURNING "id"[0m  [["email", "testemail3@gmail.com"], ["password", "chicken"], ["username", "mattpopovich"], ["name", "Matt Popovich"], ["dob", "1981-09-08"], ["avatar", "https://images.unsplash.com/profile-1486040440552-1864100ad7c3?dpr=1&auto=format&fit=crop&w=150&h=150&q=60&crop=faces&bg=fff"], ["bio", "Every photo I upload, including those published after June 2017, has been previously dedicated to the public domain under a CC0 1.0 license."], ["created_at", "2021-10-25 02:39:29.766730"], ["updated_at", "2021-10-25 02:39:29.766730"]]
  ↳ db/seeds.rb:6
  [1m[35m (14.4ms)[0m  [1m[35mCOMMIT[0m
  ↳ db/seeds.rb:6
  [1m[35m (0.1ms)[0m  [1m[35mBEGIN[0m
  ↳ db/seeds.rb:7
  [1m[36mUser Create (0.4ms)[0m  [1m[32mINSERT INTO "users" ("email", "password", "username", "name", "dob", "avatar", "bio", "created_at", "updated_at") VALUES ($1, $2, $3, $4, $5, $6, $7, $8, $9) RETURNING "id"[0m  [["email", "testemail4@gmail.com"], ["password", "chicken"], ["username", "yokosaito"], ["name", "Yoko Saito"], ["dob", "1983-12-12"], ["avatar", "https://images.unsplash.com/profile-1558935199453-e6a5fbee3b7e?dpr=1&auto=format&fit=crop&w=150&h=150&q=60&crop=faces&bg=fff"], ["bio", "photographer"], ["created_at", "2021-10-25 02:39:29.783898"], ["updated_at", "2021-10-25 02:39:29.783898"]]
  ↳ db/seeds.rb:7
  [1m[35m (4.8ms)[0m  [1m[35mCOMMIT[0m
  ↳ db/seeds.rb:7
  [1m[35m (0.1ms)[0m  [1m[35mBEGIN[0m
  ↳ db/seeds.rb:8
  [1m[36mUser Create (0.2ms)[0m  [1m[32mINSERT INTO "users" ("email", "password", "username", "name", "dob", "avatar", "bio", "created_at", "updated_at") VALUES ($1, $2, $3, $4, $5, $6, $7, $8, $9) RETURNING "id"[0m  [["email", "testemail4@gmail.com"], ["password", "chicken"], ["username", "kristinadelp"], ["name", "Kristina Delp"], ["dob", "2002-08-04"], ["avatar", "https://images.unsplash.com/profile-1609522357713-7de8f47be60bimage?dpr=1&auto=format&fit=crop&w=150&h=150&q=60&crop=faces&bg=fff"], ["bio", "connecticut cinematographer\na place for my still photography."], ["created_at", "2021-10-25 02:39:29.790598"], ["updated_at", "2021-10-25 02:39:29.790598"]]
  ↳ db/seeds.rb:8
  [1m[35m (4.8ms)[0m  [1m[35mCOMMIT[0m
  ↳ db/seeds.rb:8
  [1m[35m (0.5ms)[0m  [1m[34mSELECT COUNT(*) FROM "users"[0m
  ↳ db/seeds.rb:11
  [1m[35m (0.5ms)[0m  [1m[34mSELECT "schema_migrations"."version" FROM "schema_migrations" ORDER BY "schema_migrations"."version" ASC[0m
  ↳ bin/rails:9
  [1m[36mUser Load (0.4ms)[0m  [1m[34mSELECT "users".* FROM "users"[0m
  ↳ db/seeds.rb:1
  [1m[35m (0.2ms)[0m  [1m[35mBEGIN[0m
  ↳ db/seeds.rb:1
  [1m[36mUser Destroy (0.4ms)[0m  [1m[31mDELETE FROM "users" WHERE "users"."id" = $1[0m  [["id", 19]]
  ↳ db/seeds.rb:1
  [1m[35m (5.4ms)[0m  [1m[35mCOMMIT[0m
  ↳ db/seeds.rb:1
  [1m[35m (0.1ms)[0m  [1m[35mBEGIN[0m
  ↳ db/seeds.rb:1
  [1m[36mUser Destroy (0.3ms)[0m  [1m[31mDELETE FROM "users" WHERE "users"."id" = $1[0m  [["id", 20]]
  ↳ db/seeds.rb:1
  [1m[35m (4.9ms)[0m  [1m[35mCOMMIT[0m
  ↳ db/seeds.rb:1
  [1m[35m (0.1ms)[0m  [1m[35mBEGIN[0m
  ↳ db/seeds.rb:1
  [1m[36mUser Destroy (0.4ms)[0m  [1m[31mDELETE FROM "users" WHERE "users"."id" = $1[0m  [["id", 21]]
  ↳ db/seeds.rb:1
  [1m[35m (15.4ms)[0m  [1m[35mCOMMIT[0m
  ↳ db/seeds.rb:1
  [1m[35m (0.1ms)[0m  [1m[35mBEGIN[0m
  ↳ db/seeds.rb:1
  [1m[36mUser Destroy (0.3ms)[0m  [1m[31mDELETE FROM "users" WHERE "users"."id" = $1[0m  [["id", 22]]
  ↳ db/seeds.rb:1
  [1m[35m (2.6ms)[0m  [1m[35mCOMMIT[0m
  ↳ db/seeds.rb:1
  [1m[35m (0.1ms)[0m  [1m[35mBEGIN[0m
  ↳ db/seeds.rb:1
  [1m[36mUser Destroy (0.2ms)[0m  [1m[31mDELETE FROM "users" WHERE "users"."id" = $1[0m  [["id", 23]]
  ↳ db/seeds.rb:1
  [1m[35m (2.7ms)[0m  [1m[35mCOMMIT[0m
  ↳ db/seeds.rb:1
  [1m[35m (0.1ms)[0m  [1m[35mBEGIN[0m
  ↳ db/seeds.rb:1
  [1m[36mUser Destroy (0.2ms)[0m  [1m[31mDELETE FROM "users" WHERE "users"."id" = $1[0m  [["id", 24]]
  ↳ db/seeds.rb:1
  [1m[35m (2.6ms)[0m  [1m[35mCOMMIT[0m
  ↳ db/seeds.rb:1
  [1m[35m (0.1ms)[0m  [1m[35mBEGIN[0m
  ↳ db/seeds.rb:3
  [1m[36mUser Create (0.4ms)[0m  [1m[32mINSERT INTO "users" ("email", "password", "username", "name", "avatar", "bio", "created_at", "updated_at") VALUES ($1, $2, $3, $4, $5, $6, $7, $8) RETURNING "id"[0m  [["email", "traceylea9@gmail.com"], ["password", "chicken"], ["username", "charlottelharrison"], ["name", "Charlotte Harrison"], ["avatar", "https://images.unsplash.com/profile-1620142405492-8002521cec6aimage?dpr=1&auto=format&fit=crop&w=150&h=150&q=60&crop=faces&bg=fff"], ["bio", "In 2010 I graduated from Goldsmiths, University of London. Since then I have worked for leading design agencies, Design Bridge and FITCH. Photography is a passion, which often crosses into my daily work. I specialise in street & portrait photography."], ["created_at", "2021-10-25 02:40:29.022425"], ["updated_at", "2021-10-25 02:40:29.022425"]]
  ↳ db/seeds.rb:3
  [1m[35m (2.6ms)[0m  [1m[35mCOMMIT[0m
  ↳ db/seeds.rb:3
  [1m[35m (0.1ms)[0m  [1m[35mBEGIN[0m
  ↳ db/seeds.rb:4
  [1m[36mUser Create (0.3ms)[0m  [1m[32mINSERT INTO "users" ("email", "password", "username", "name", "dob", "avatar", "bio", "created_at", "updated_at") VALUES ($1, $2, $3, $4, $5, $6, $7, $8, $9) RETURNING "id"[0m  [["email", "testemail1@gmail.com"], ["password", "chicken"], ["username", "el_ego"], ["name", "Elena Gordienko"], ["dob", "1993-02-25"], ["avatar", "https://images.unsplash.com/profile-1596560596229-75e397c42c34image?dpr=1&auto=format&fit=crop&w=150&h=150&q=60&crop=faces&bg=fff"], ["bio", "Я абрикос, на юге рос"], ["created_at", "2021-10-25 02:40:29.027055"], ["updated_at", "2021-10-25 02:40:29.027055"]]
  ↳ db/seeds.rb:4
  [1m[35m (5.3ms)[0m  [1m[35mCOMMIT[0m
  ↳ db/seeds.rb:4
  [1m[35m (0.2ms)[0m  [1m[35mBEGIN[0m
  ↳ db/seeds.rb:5
  [1m[36mUser Create (0.3ms)[0m  [1m[32mINSERT INTO "users" ("email", "password", "username", "name", "dob", "avatar", "bio", "created_at", "updated_at") VALUES ($1, $2, $3, $4, $5, $6, $7, $8, $9) RETURNING "id"[0m  [["email", "testemail2@gmail.com"], ["password", "chicken"], ["username", "pixworthmedia"], ["name", "Eriks Abzinovs"], ["dob", "1972-07-18"], ["avatar", "https://images.unsplash.com/profile-1563200334273-0a1336be3e34?dpr=1&auto=format&fit=crop&w=150&h=150&q=60&crop=faces&bg=fff"], ["bio", "Seeing life through a lens began as a hobby for me, however, it quickly developed into a passion and an outlet for my creativity. the quality of the image and trying to deliver something unique is a key part of my photography"], ["created_at", "2021-10-25 02:40:29.034382"], ["updated_at", "2021-10-25 02:40:29.034382"]]
  ↳ db/seeds.rb:5
  [1m[35m (5.3ms)[0m  [1m[35mCOMMIT[0m
  ↳ db/seeds.rb:5
  [1m[35m (0.1ms)[0m  [1m[35mBEGIN[0m
  ↳ db/seeds.rb:6
  [1m[36mUser Create (0.3ms)[0m  [1m[32mINSERT INTO "users" ("email", "password", "username", "name", "dob", "avatar", "bio", "created_at", "updated_at") VALUES ($1, $2, $3, $4, $5, $6, $7, $8, $9) RETURNING "id"[0m  [["email", "testemail3@gmail.com"], ["password", "chicken"], ["username", "mattpopovich"], ["name", "Matt Popovich"], ["dob", "1981-09-08"], ["avatar", "https://images.unsplash.com/profile-1486040440552-1864100ad7c3?dpr=1&auto=format&fit=crop&w=150&h=150&q=60&crop=faces&bg=fff"], ["bio", "Every photo I upload, including those published after June 2017, has been previously dedicated to the public domain under a CC0 1.0 license."], ["created_at", "2021-10-25 02:40:29.041644"], ["updated_at", "2021-10-25 02:40:29.041644"]]
  ↳ db/seeds.rb:6
  [1m[35m (4.7ms)[0m  [1m[35mCOMMIT[0m
  ↳ db/seeds.rb:6
  [1m[35m (0.1ms)[0m  [1m[35mBEGIN[0m
  ↳ db/seeds.rb:7
  [1m[36mUser Create (0.3ms)[0m  [1m[32mINSERT INTO "users" ("email", "password", "username", "name", "dob", "avatar", "bio", "created_at", "updated_at") VALUES ($1, $2, $3, $4, $5, $6, $7, $8, $9) RETURNING "id"[0m  [["email", "testemail4@gmail.com"], ["password", "chicken"], ["username", "yokosaito"], ["name", "Yoko Saito"], ["dob", "1983-12-12"], ["avatar", "https://images.unsplash.com/profile-1558935199453-e6a5fbee3b7e?dpr=1&auto=format&fit=crop&w=150&h=150&q=60&crop=faces&bg=fff"], ["bio", "photographer"], ["created_at", "2021-10-25 02:40:29.048007"], ["updated_at", "2021-10-25 02:40:29.048007"]]
  ↳ db/seeds.rb:7
  [1m[35m (10.3ms)[0m  [1m[35mCOMMIT[0m
  ↳ db/seeds.rb:7
  [1m[35m (0.2ms)[0m  [1m[35mBEGIN[0m
  ↳ db/seeds.rb:8
  [1m[36mUser Create (0.3ms)[0m  [1m[32mINSERT INTO "users" ("email", "password", "username", "name", "dob", "avatar", "bio", "created_at", "updated_at") VALUES ($1, $2, $3, $4, $5, $6, $7, $8, $9) RETURNING "id"[0m  [["email", "testemail4@gmail.com"], ["password", "chicken"], ["username", "kristinadelp"], ["name", "Kristina Delp"], ["dob", "2002-08-04"], ["avatar", "https://images.unsplash.com/profile-1609522357713-7de8f47be60bimage?dpr=1&auto=format&fit=crop&w=150&h=150&q=60&crop=faces&bg=fff"], ["bio", "connecticut cinematographer\na place for my still photography."], ["created_at", "2021-10-25 02:40:29.060468"], ["updated_at", "2021-10-25 02:40:29.060468"]]
  ↳ db/seeds.rb:8
  [1m[35m (2.6ms)[0m  [1m[35mCOMMIT[0m
  ↳ db/seeds.rb:8
  [1m[35m (0.3ms)[0m  [1m[34mSELECT COUNT(*) FROM "users"[0m
  ↳ db/seeds.rb:11
  [1m[35m (0.2ms)[0m  [1m[34mSELECT pg_try_advisory_lock(228921142723610610)[0m
  ↳ bin/rails:9
  [1m[35m (0.4ms)[0m  [1m[34mSELECT "schema_migrations"."version" FROM "schema_migrations" ORDER BY "schema_migrations"."version" ASC[0m
  ↳ bin/rails:9
  [1m[36mActiveRecord::InternalMetadata Load (0.3ms)[0m  [1m[34mSELECT  "ar_internal_metadata".* FROM "ar_internal_metadata" WHERE "ar_internal_metadata"."key" = $1 LIMIT $2[0m  [["key", "environment"], ["LIMIT", 1]]
  ↳ bin/rails:9
  [1m[35m (0.2ms)[0m  [1m[35mBEGIN[0m
  ↳ bin/rails:9
  [1m[35m (0.2ms)[0m  [1m[35mCOMMIT[0m
  ↳ bin/rails:9
  [1m[35m (0.2ms)[0m  [1m[34mSELECT pg_advisory_unlock(228921142723610610)[0m
  ↳ bin/rails:9
  [1m[35m (0.2ms)[0m  [1m[34mSELECT "schema_migrations"."version" FROM "schema_migrations" ORDER BY "schema_migrations"."version" ASC[0m
  ↳ bin/rails:9
  [1m[35m (0.5ms)[0m  [1m[34mSELECT "schema_migrations"."version" FROM "schema_migrations" ORDER BY "schema_migrations"."version" ASC[0m
  ↳ bin/rails:9
  [1m[36mUser Load (0.4ms)[0m  [1m[34mSELECT "users".* FROM "users"[0m
  ↳ db/seeds.rb:1
  [1m[35m (0.1ms)[0m  [1m[35mBEGIN[0m
  ↳ db/seeds.rb:1
  [1m[36mUser Destroy (0.5ms)[0m  [1m[31mDELETE FROM "users" WHERE "users"."id" = $1[0m  [["id", 25]]
  ↳ db/seeds.rb:1
  [1m[35m (5.5ms)[0m  [1m[35mCOMMIT[0m
  ↳ db/seeds.rb:1
  [1m[35m (0.2ms)[0m  [1m[35mBEGIN[0m
  ↳ db/seeds.rb:1
  [1m[36mUser Destroy (0.3ms)[0m  [1m[31mDELETE FROM "users" WHERE "users"."id" = $1[0m  [["id", 26]]
  ↳ db/seeds.rb:1
  [1m[35m (5.3ms)[0m  [1m[35mCOMMIT[0m
  ↳ db/seeds.rb:1
  [1m[35m (0.1ms)[0m  [1m[35mBEGIN[0m
  ↳ db/seeds.rb:1
  [1m[36mUser Destroy (0.3ms)[0m  [1m[31mDELETE FROM "users" WHERE "users"."id" = $1[0m  [["id", 27]]
  ↳ db/seeds.rb:1
  [1m[35m (14.1ms)[0m  [1m[35mCOMMIT[0m
  ↳ db/seeds.rb:1
  [1m[35m (0.1ms)[0m  [1m[35mBEGIN[0m
  ↳ db/seeds.rb:1
  [1m[36mUser Destroy (0.3ms)[0m  [1m[31mDELETE FROM "users" WHERE "users"."id" = $1[0m  [["id", 28]]
  ↳ db/seeds.rb:1
  [1m[35m (4.8ms)[0m  [1m[35mCOMMIT[0m
  ↳ db/seeds.rb:1
  [1m[35m (0.2ms)[0m  [1m[35mBEGIN[0m
  ↳ db/seeds.rb:1
  [1m[36mUser Destroy (0.3ms)[0m  [1m[31mDELETE FROM "users" WHERE "users"."id" = $1[0m  [["id", 29]]
  ↳ db/seeds.rb:1
  [1m[35m (2.8ms)[0m  [1m[35mCOMMIT[0m
  ↳ db/seeds.rb:1
  [1m[35m (0.1ms)[0m  [1m[35mBEGIN[0m
  ↳ db/seeds.rb:1
  [1m[36mUser Destroy (0.3ms)[0m  [1m[31mDELETE FROM "users" WHERE "users"."id" = $1[0m  [["id", 30]]
  ↳ db/seeds.rb:1
  [1m[35m (2.7ms)[0m  [1m[35mCOMMIT[0m
  ↳ db/seeds.rb:1
  [1m[35m (0.1ms)[0m  [1m[35mBEGIN[0m
  ↳ db/seeds.rb:3
  [1m[36mUser Create (0.4ms)[0m  [1m[32mINSERT INTO "users" ("email", "password", "username", "name", "avatar", "bio", "created_at", "updated_at") VALUES ($1, $2, $3, $4, $5, $6, $7, $8) RETURNING "id"[0m  [["email", "traceylea9@gmail.com"], ["password", "chicken"], ["username", "charlottelharrison"], ["name", "Charlotte Harrison"], ["avatar", "https://images.unsplash.com/profile-1620142405492-8002521cec6aimage?dpr=1&auto=format&fit=crop&w=150&h=150&q=60&crop=faces&bg=fff"], ["bio", "In 2010 I graduated from Goldsmiths, University of London. Since then I have worked for leading design agencies, Design Bridge and FITCH. Photography is a passion, which often crosses into my daily work. I specialise in street & portrait photography."], ["created_at", "2021-10-25 02:41:36.478274"], ["updated_at", "2021-10-25 02:41:36.478274"]]
  ↳ db/seeds.rb:3
  [1m[35m (2.7ms)[0m  [1m[35mCOMMIT[0m
  ↳ db/seeds.rb:3
  [1m[35m (0.1ms)[0m  [1m[35mBEGIN[0m
  ↳ db/seeds.rb:4
  [1m[36mUser Create (0.4ms)[0m  [1m[32mINSERT INTO "users" ("email", "password", "username", "name", "dob", "avatar", "bio", "created_at", "updated_at") VALUES ($1, $2, $3, $4, $5, $6, $7, $8, $9) RETURNING "id"[0m  [["email", "testemail1@gmail.com"], ["password", "chicken"], ["username", "el_ego"], ["name", "Elena Gordienko"], ["dob", "1993-02-25"], ["avatar", "https://images.unsplash.com/profile-1596560596229-75e397c42c34image?dpr=1&auto=format&fit=crop&w=150&h=150&q=60&crop=faces&bg=fff"], ["bio", "Я абрикос, на юге рос"], ["created_at", "2021-10-25 02:41:36.483100"], ["updated_at", "2021-10-25 02:41:36.483100"]]
  ↳ db/seeds.rb:4
  [1m[35m (2.7ms)[0m  [1m[35mCOMMIT[0m
  ↳ db/seeds.rb:4
  [1m[35m (0.1ms)[0m  [1m[35mBEGIN[0m
  ↳ db/seeds.rb:5
  [1m[36mUser Create (0.5ms)[0m  [1m[32mINSERT INTO "users" ("email", "password", "username", "name", "dob", "avatar", "bio", "created_at", "updated_at") VALUES ($1, $2, $3, $4, $5, $6, $7, $8, $9) RETURNING "id"[0m  [["email", "testemail2@gmail.com"], ["password", "chicken"], ["username", "pixworthmedia"], ["name", "Eriks Abzinovs"], ["dob", "1972-07-18"], ["avatar", "https://images.unsplash.com/profile-1563200334273-0a1336be3e34?dpr=1&auto=format&fit=crop&w=150&h=150&q=60&crop=faces&bg=fff"], ["bio", "Seeing life through a lens began as a hobby for me, however, it quickly developed into a passion and an outlet for my creativity. the quality of the image and trying to deliver something unique is a key part of my photography"], ["created_at", "2021-10-25 02:41:36.487909"], ["updated_at", "2021-10-25 02:41:36.487909"]]
  ↳ db/seeds.rb:5
  [1m[35m (5.3ms)[0m  [1m[35mCOMMIT[0m
  ↳ db/seeds.rb:5
  [1m[35m (0.1ms)[0m  [1m[35mBEGIN[0m
  ↳ db/seeds.rb:6
  [1m[36mUser Create (0.3ms)[0m  [1m[32mINSERT INTO "users" ("email", "password", "username", "name", "dob", "avatar", "bio", "created_at", "updated_at") VALUES ($1, $2, $3, $4, $5, $6, $7, $8, $9) RETURNING "id"[0m  [["email", "testemail3@gmail.com"], ["password", "chicken"], ["username", "mattpopovich"], ["name", "Matt Popovich"], ["dob", "1981-09-08"], ["avatar", "https://images.unsplash.com/profile-1486040440552-1864100ad7c3?dpr=1&auto=format&fit=crop&w=150&h=150&q=60&crop=faces&bg=fff"], ["bio", "Every photo I upload, including those published after June 2017, has been previously dedicated to the public domain under a CC0 1.0 license."], ["created_at", "2021-10-25 02:41:36.495609"], ["updated_at", "2021-10-25 02:41:36.495609"]]
  ↳ db/seeds.rb:6
  [1m[35m (5.2ms)[0m  [1m[35mCOMMIT[0m
  ↳ db/seeds.rb:6
  [1m[35m (0.1ms)[0m  [1m[35mBEGIN[0m
  ↳ db/seeds.rb:7
  [1m[36mUser Create (0.3ms)[0m  [1m[32mINSERT INTO "users" ("email", "password", "username", "name", "dob", "avatar", "bio", "created_at", "updated_at") VALUES ($1, $2, $3, $4, $5, $6, $7, $8, $9) RETURNING "id"[0m  [["email", "testemail4@gmail.com"], ["password", "chicken"], ["username", "yokosaito"], ["name", "Yoko Saito"], ["dob", "1983-12-12"], ["avatar", "https://images.unsplash.com/profile-1558935199453-e6a5fbee3b7e?dpr=1&auto=format&fit=crop&w=150&h=150&q=60&crop=faces&bg=fff"], ["bio", "photographer"], ["created_at", "2021-10-25 02:41:36.502536"], ["updated_at", "2021-10-25 02:41:36.502536"]]
  ↳ db/seeds.rb:7
  [1m[35m (9.8ms)[0m  [1m[35mCOMMIT[0m
  ↳ db/seeds.rb:7
  [1m[35m (0.2ms)[0m  [1m[35mBEGIN[0m
  ↳ db/seeds.rb:8
  [1m[36mUser Create (0.4ms)[0m  [1m[32mINSERT INTO "users" ("email", "password", "username", "name", "dob", "avatar", "bio", "created_at", "updated_at") VALUES ($1, $2, $3, $4, $5, $6, $7, $8, $9) RETURNING "id"[0m  [["email", "testemail4@gmail.com"], ["password", "chicken"], ["username", "kristinadelp"], ["name", "Kristina Delp"], ["dob", "2002-08-04"], ["avatar", "https://images.unsplash.com/profile-1609522357713-7de8f47be60bimage?dpr=1&auto=format&fit=crop&w=150&h=150&q=60&crop=faces&bg=fff"], ["bio", "connecticut cinematographer\na place for my still photography."], ["created_at", "2021-10-25 02:41:36.514410"], ["updated_at", "2021-10-25 02:41:36.514410"]]
  ↳ db/seeds.rb:8
  [1m[35m (4.7ms)[0m  [1m[35mCOMMIT[0m
  ↳ db/seeds.rb:8
  [1m[35m (0.4ms)[0m  [1m[34mSELECT COUNT(*) FROM "users"[0m
  ↳ db/seeds.rb:11
  [1m[35m (0.6ms)[0m  [1m[34mSELECT "schema_migrations"."version" FROM "schema_migrations" ORDER BY "schema_migrations"."version" ASC[0m
  ↳ bin/rails:9
  [1m[36mUser Load (0.5ms)[0m  [1m[34mSELECT "users".* FROM "users"[0m
  ↳ db/seeds.rb:1
  [1m[35m (0.2ms)[0m  [1m[35mBEGIN[0m
  ↳ db/seeds.rb:1
  [1m[36mUser Destroy (0.4ms)[0m  [1m[31mDELETE FROM "users" WHERE "users"."id" = $1[0m  [["id", 31]]
  ↳ db/seeds.rb:1
  [1m[35m (5.6ms)[0m  [1m[35mCOMMIT[0m
  ↳ db/seeds.rb:1
  [1m[35m (0.2ms)[0m  [1m[35mBEGIN[0m
  ↳ db/seeds.rb:1
  [1m[36mUser Destroy (0.3ms)[0m  [1m[31mDELETE FROM "users" WHERE "users"."id" = $1[0m  [["id", 32]]
  ↳ db/seeds.rb:1
  [1m[35m (5.4ms)[0m  [1m[35mCOMMIT[0m
  ↳ db/seeds.rb:1
  [1m[35m (0.2ms)[0m  [1m[35mBEGIN[0m
  ↳ db/seeds.rb:1
  [1m[36mUser Destroy (0.3ms)[0m  [1m[31mDELETE FROM "users" WHERE "users"."id" = $1[0m  [["id", 33]]
  ↳ db/seeds.rb:1
  [1m[35m (13.3ms)[0m  [1m[35mCOMMIT[0m
  ↳ db/seeds.rb:1
  [1m[35m (0.2ms)[0m  [1m[35mBEGIN[0m
  ↳ db/seeds.rb:1
  [1m[36mUser Destroy (0.3ms)[0m  [1m[31mDELETE FROM "users" WHERE "users"."id" = $1[0m  [["id", 34]]
  ↳ db/seeds.rb:1
  [1m[35m (4.7ms)[0m  [1m[35mCOMMIT[0m
  ↳ db/seeds.rb:1
  [1m[35m (0.2ms)[0m  [1m[35mBEGIN[0m
  ↳ db/seeds.rb:1
  [1m[36mUser Destroy (0.3ms)[0m  [1m[31mDELETE FROM "users" WHERE "users"."id" = $1[0m  [["id", 35]]
  ↳ db/seeds.rb:1
  [1m[35m (2.7ms)[0m  [1m[35mCOMMIT[0m
  ↳ db/seeds.rb:1
  [1m[35m (0.1ms)[0m  [1m[35mBEGIN[0m
  ↳ db/seeds.rb:1
  [1m[36mUser Destroy (0.3ms)[0m  [1m[31mDELETE FROM "users" WHERE "users"."id" = $1[0m  [["id", 36]]
  ↳ db/seeds.rb:1
  [1m[35m (2.6ms)[0m  [1m[35mCOMMIT[0m
  ↳ db/seeds.rb:1
  [1m[35m (0.1ms)[0m  [1m[35mBEGIN[0m
  ↳ db/seeds.rb:3
  [1m[36mUser Create (0.4ms)[0m  [1m[32mINSERT INTO "users" ("email", "password", "username", "name", "avatar", "bio", "created_at", "updated_at") VALUES ($1, $2, $3, $4, $5, $6, $7, $8) RETURNING "id"[0m  [["email", "traceylea9@gmail.com"], ["password", "chicken"], ["username", "charlottelharrison"], ["name", "Charlotte Harrison"], ["avatar", "https://images.unsplash.com/profile-1620142405492-8002521cec6aimage?dpr=1&auto=format&fit=crop&w=150&h=150&q=60&crop=faces&bg=fff"], ["bio", "In 2010 I graduated from Goldsmiths, University of London. Since then I have worked for leading design agencies, Design Bridge and FITCH. Photography is a passion, which often crosses into my daily work. I specialise in street & portrait photography."], ["created_at", "2021-10-25 02:43:10.933822"], ["updated_at", "2021-10-25 02:43:10.933822"]]
  ↳ db/seeds.rb:3
  [1m[35m (2.8ms)[0m  [1m[35mCOMMIT[0m
  ↳ db/seeds.rb:3
  [1m[35m (0.2ms)[0m  [1m[35mBEGIN[0m
  ↳ db/seeds.rb:4
  [1m[36mUser Create (0.3ms)[0m  [1m[32mINSERT INTO "users" ("email", "password", "username", "name", "dob", "avatar", "bio", "created_at", "updated_at") VALUES ($1, $2, $3, $4, $5, $6, $7, $8, $9) RETURNING "id"[0m  [["email", "testemail1@gmail.com"], ["password", "chicken"], ["username", "el_ego"], ["name", "Elena Gordienko"], ["dob", "1993-02-25"], ["avatar", "https://images.unsplash.com/profile-1596560596229-75e397c42c34image?dpr=1&auto=format&fit=crop&w=150&h=150&q=60&crop=faces&bg=fff"], ["bio", "Я абрикос, на юге рос"], ["created_at", "2021-10-25 02:43:10.939405"], ["updated_at", "2021-10-25 02:43:10.939405"]]
  ↳ db/seeds.rb:4
  [1m[35m (2.6ms)[0m  [1m[35mCOMMIT[0m
  ↳ db/seeds.rb:4
  [1m[35m (0.2ms)[0m  [1m[35mBEGIN[0m
  ↳ db/seeds.rb:5
  [1m[36mUser Create (0.3ms)[0m  [1m[32mINSERT INTO "users" ("email", "password", "username", "name", "dob", "avatar", "bio", "created_at", "updated_at") VALUES ($1, $2, $3, $4, $5, $6, $7, $8, $9) RETURNING "id"[0m  [["email", "testemail2@gmail.com"], ["password", "chicken"], ["username", "pixworthmedia"], ["name", "Eriks Abzinovs"], ["dob", "1972-07-18"], ["avatar", "https://images.unsplash.com/profile-1563200334273-0a1336be3e34?dpr=1&auto=format&fit=crop&w=150&h=150&q=60&crop=faces&bg=fff"], ["bio", "Seeing life through a lens began as a hobby for me, however, it quickly developed into a passion and an outlet for my creativity. the quality of the image and trying to deliver something unique is a key part of my photography"], ["created_at", "2021-10-25 02:43:10.944342"], ["updated_at", "2021-10-25 02:43:10.944342"]]
  ↳ db/seeds.rb:5
  [1m[35m (5.4ms)[0m  [1m[35mCOMMIT[0m
  ↳ db/seeds.rb:5
  [1m[35m (0.1ms)[0m  [1m[35mBEGIN[0m
  ↳ db/seeds.rb:6
  [1m[36mUser Create (0.2ms)[0m  [1m[32mINSERT INTO "users" ("email", "password", "username", "name", "dob", "avatar", "bio", "created_at", "updated_at") VALUES ($1, $2, $3, $4, $5, $6, $7, $8, $9) RETURNING "id"[0m  [["email", "testemail3@gmail.com"], ["password", "chicken"], ["username", "mattpopovich"], ["name", "Matt Popovich"], ["dob", "1981-09-08"], ["avatar", "https://images.unsplash.com/profile-1486040440552-1864100ad7c3?dpr=1&auto=format&fit=crop&w=150&h=150&q=60&crop=faces&bg=fff"], ["bio", "Every photo I upload, including those published after June 2017, has been previously dedicated to the public domain under a CC0 1.0 license."], ["created_at", "2021-10-25 02:43:10.951405"], ["updated_at", "2021-10-25 02:43:10.951405"]]
  ↳ db/seeds.rb:6
  [1m[35m (5.6ms)[0m  [1m[35mCOMMIT[0m
  ↳ db/seeds.rb:6
  [1m[35m (0.2ms)[0m  [1m[35mBEGIN[0m
  ↳ db/seeds.rb:7
  [1m[36mUser Create (0.3ms)[0m  [1m[32mINSERT INTO "users" ("email", "password", "username", "name", "dob", "avatar", "bio", "created_at", "updated_at") VALUES ($1, $2, $3, $4, $5, $6, $7, $8, $9) RETURNING "id"[0m  [["email", "testemail4@gmail.com"], ["password", "chicken"], ["username", "yokosaito"], ["name", "Yoko Saito"], ["dob", "1983-12-12"], ["avatar", "https://images.unsplash.com/profile-1558935199453-e6a5fbee3b7e?dpr=1&auto=format&fit=crop&w=150&h=150&q=60&crop=faces&bg=fff"], ["bio", "photographer"], ["created_at", "2021-10-25 02:43:10.958940"], ["updated_at", "2021-10-25 02:43:10.958940"]]
  ↳ db/seeds.rb:7
  [1m[35m (10.3ms)[0m  [1m[35mCOMMIT[0m
  ↳ db/seeds.rb:7
  [1m[35m (0.2ms)[0m  [1m[35mBEGIN[0m
  ↳ db/seeds.rb:8
  [1m[36mUser Create (0.3ms)[0m  [1m[32mINSERT INTO "users" ("email", "password", "username", "name", "dob", "avatar", "bio", "created_at", "updated_at") VALUES ($1, $2, $3, $4, $5, $6, $7, $8, $9) RETURNING "id"[0m  [["email", "testemail4@gmail.com"], ["password", "chicken"], ["username", "kristinadelp"], ["name", "Kristina Delp"], ["dob", "2002-08-04"], ["avatar", "https://images.unsplash.com/profile-1609522357713-7de8f47be60bimage?dpr=1&auto=format&fit=crop&w=150&h=150&q=60&crop=faces&bg=fff"], ["bio", "connecticut cinematographer\na place for my still photography."], ["created_at", "2021-10-25 02:43:10.971606"], ["updated_at", "2021-10-25 02:43:10.971606"]]
  ↳ db/seeds.rb:8
  [1m[35m (4.7ms)[0m  [1m[35mCOMMIT[0m
  ↳ db/seeds.rb:8
  [1m[35m (0.4ms)[0m  [1m[34mSELECT COUNT(*) FROM "users"[0m
  ↳ db/seeds.rb:11
  [1m[35m (0.2ms)[0m  [1m[34mSELECT pg_try_advisory_lock(228921142723610610)[0m
  ↳ bin/rails:9
  [1m[35m (0.6ms)[0m  [1m[34mSELECT "schema_migrations"."version" FROM "schema_migrations" ORDER BY "schema_migrations"."version" ASC[0m
  ↳ bin/rails:9
  [1m[36mActiveRecord::InternalMetadata Load (0.3ms)[0m  [1m[34mSELECT  "ar_internal_metadata".* FROM "ar_internal_metadata" WHERE "ar_internal_metadata"."key" = $1 LIMIT $2[0m  [["key", "environment"], ["LIMIT", 1]]
  ↳ bin/rails:9
  [1m[35m (0.2ms)[0m  [1m[35mBEGIN[0m
  ↳ bin/rails:9
  [1m[35m (0.1ms)[0m  [1m[35mCOMMIT[0m
  ↳ bin/rails:9
  [1m[35m (0.2ms)[0m  [1m[34mSELECT pg_advisory_unlock(228921142723610610)[0m
  ↳ bin/rails:9
  [1m[35m (0.2ms)[0m  [1m[34mSELECT "schema_migrations"."version" FROM "schema_migrations" ORDER BY "schema_migrations"."version" ASC[0m
  ↳ bin/rails:9
  [1m[35m (0.4ms)[0m  [1m[34mSELECT "schema_migrations"."version" FROM "schema_migrations" ORDER BY "schema_migrations"."version" ASC[0m
  ↳ bin/rails:9
  [1m[36mUser Load (0.4ms)[0m  [1m[34mSELECT "users".* FROM "users"[0m
  ↳ db/seeds.rb:1
  [1m[35m (0.2ms)[0m  [1m[35mBEGIN[0m
  ↳ db/seeds.rb:1
  [1m[36mUser Destroy (0.5ms)[0m  [1m[31mDELETE FROM "users" WHERE "users"."id" = $1[0m  [["id", 37]]
  ↳ db/seeds.rb:1
  [1m[35m (4.8ms)[0m  [1m[35mCOMMIT[0m
  ↳ db/seeds.rb:1
  [1m[35m (0.1ms)[0m  [1m[35mBEGIN[0m
  ↳ db/seeds.rb:1
  [1m[36mUser Destroy (0.3ms)[0m  [1m[31mDELETE FROM "users" WHERE "users"."id" = $1[0m  [["id", 38]]
  ↳ db/seeds.rb:1
  [1m[35m (3.7ms)[0m  [1m[35mCOMMIT[0m
  ↳ db/seeds.rb:1
  [1m[35m (0.1ms)[0m  [1m[35mBEGIN[0m
  ↳ db/seeds.rb:1
  [1m[36mUser Destroy (0.3ms)[0m  [1m[31mDELETE FROM "users" WHERE "users"."id" = $1[0m  [["id", 39]]
  ↳ db/seeds.rb:1
  [1m[35m (2.7ms)[0m  [1m[35mCOMMIT[0m
  ↳ db/seeds.rb:1
  [1m[35m (0.1ms)[0m  [1m[35mBEGIN[0m
  ↳ db/seeds.rb:1
  [1m[36mUser Destroy (0.3ms)[0m  [1m[31mDELETE FROM "users" WHERE "users"."id" = $1[0m  [["id", 40]]
  ↳ db/seeds.rb:1
  [1m[35m (11.6ms)[0m  [1m[35mCOMMIT[0m
  ↳ db/seeds.rb:1
  [1m[35m (0.2ms)[0m  [1m[35mBEGIN[0m
  ↳ db/seeds.rb:1
  [1m[36mUser Destroy (0.3ms)[0m  [1m[31mDELETE FROM "users" WHERE "users"."id" = $1[0m  [["id", 41]]
  ↳ db/seeds.rb:1
  [1m[35m (2.7ms)[0m  [1m[35mCOMMIT[0m
  ↳ db/seeds.rb:1
  [1m[35m (0.1ms)[0m  [1m[35mBEGIN[0m
  ↳ db/seeds.rb:1
  [1m[36mUser Destroy (0.3ms)[0m  [1m[31mDELETE FROM "users" WHERE "users"."id" = $1[0m  [["id", 42]]
  ↳ db/seeds.rb:1
  [1m[35m (4.2ms)[0m  [1m[35mCOMMIT[0m
  ↳ db/seeds.rb:1
  [1m[35m (0.2ms)[0m  [1m[35mBEGIN[0m
  ↳ db/seeds.rb:3
  [1m[36mUser Create (0.6ms)[0m  [1m[32mINSERT INTO "users" ("email", "password", "username", "name", "avatar", "bio", "created_at", "updated_at") VALUES ($1, $2, $3, $4, $5, $6, $7, $8) RETURNING "id"[0m  [["email", "traceylea9@gmail.com"], ["password", "chicken"], ["username", "charlottelharrison"], ["name", "Charlotte Harrison"], ["avatar", "https://images.unsplash.com/profile-1620142405492-8002521cec6aimage?dpr=1&auto=format&fit=crop&w=150&h=150&q=60&crop=faces&bg=fff"], ["bio", "In 2010 I graduated from Goldsmiths, University of London. Since then I have worked for leading design agencies, Design Bridge and FITCH. Photography is a passion, which often crosses into my daily work. I specialise in street & portrait photography."], ["created_at", "2021-10-25 02:46:41.701680"], ["updated_at", "2021-10-25 02:46:41.701680"]]
  ↳ db/seeds.rb:3
  [1m[35m (5.5ms)[0m  [1m[35mCOMMIT[0m
  ↳ db/seeds.rb:3
  [1m[35m (0.1ms)[0m  [1m[35mBEGIN[0m
  ↳ db/seeds.rb:4
  [1m[36mUser Create (0.4ms)[0m  [1m[32mINSERT INTO "users" ("email", "password", "username", "name", "dob", "avatar", "bio", "created_at", "updated_at") VALUES ($1, $2, $3, $4, $5, $6, $7, $8, $9) RETURNING "id"[0m  [["email", "testemail1@gmail.com"], ["password", "chicken"], ["username", "el_ego"], ["name", "Elena Gordienko"], ["dob", "1993-02-25"], ["avatar", "https://images.unsplash.com/profile-1596560596229-75e397c42c34image?dpr=1&auto=format&fit=crop&w=150&h=150&q=60&crop=faces&bg=fff"], ["bio", "Я абрикос, на юге рос"], ["created_at", "2021-10-25 02:46:41.710423"], ["updated_at", "2021-10-25 02:46:41.710423"]]
  ↳ db/seeds.rb:4
  [1m[35m (4.9ms)[0m  [1m[35mCOMMIT[0m
  ↳ db/seeds.rb:4
  [1m[35m (0.1ms)[0m  [1m[35mBEGIN[0m
  ↳ db/seeds.rb:5
  [1m[36mUser Create (0.4ms)[0m  [1m[32mINSERT INTO "users" ("email", "password", "username", "name", "dob", "avatar", "bio", "created_at", "updated_at") VALUES ($1, $2, $3, $4, $5, $6, $7, $8, $9) RETURNING "id"[0m  [["email", "testemail2@gmail.com"], ["password", "chicken"], ["username", "pixworthmedia"], ["name", "Eriks Abzinovs"], ["dob", "1972-07-18"], ["avatar", "https://images.unsplash.com/profile-1563200334273-0a1336be3e34?dpr=1&auto=format&fit=crop&w=150&h=150&q=60&crop=faces&bg=fff"], ["bio", "Seeing life through a lens began as a hobby for me, however, it quickly developed into a passion and an outlet for my creativity. the quality of the image and trying to deliver something unique is a key part of my photography"], ["created_at", "2021-10-25 02:46:41.717377"], ["updated_at", "2021-10-25 02:46:41.717377"]]
  ↳ db/seeds.rb:5
  [1m[35m (4.6ms)[0m  [1m[35mCOMMIT[0m
  ↳ db/seeds.rb:5
  [1m[35m (0.1ms)[0m  [1m[35mBEGIN[0m
  ↳ db/seeds.rb:6
  [1m[36mUser Create (0.3ms)[0m  [1m[32mINSERT INTO "users" ("email", "password", "username", "name", "dob", "avatar", "bio", "created_at", "updated_at") VALUES ($1, $2, $3, $4, $5, $6, $7, $8, $9) RETURNING "id"[0m  [["email", "testemail3@gmail.com"], ["password", "chicken"], ["username", "mattpopovich"], ["name", "Matt Popovich"], ["dob", "1981-09-08"], ["avatar", "https://images.unsplash.com/profile-1486040440552-1864100ad7c3?dpr=1&auto=format&fit=crop&w=150&h=150&q=60&crop=faces&bg=fff"], ["bio", "Every photo I upload, including those published after June 2017, has been previously dedicated to the public domain under a CC0 1.0 license."], ["created_at", "2021-10-25 02:46:41.723809"], ["updated_at", "2021-10-25 02:46:41.723809"]]
  ↳ db/seeds.rb:6
  [1m[35m (3.7ms)[0m  [1m[35mCOMMIT[0m
  ↳ db/seeds.rb:6
  [1m[35m (0.1ms)[0m  [1m[35mBEGIN[0m
  ↳ db/seeds.rb:7
  [1m[36mUser Create (0.3ms)[0m  [1m[32mINSERT INTO "users" ("email", "password", "username", "name", "dob", "avatar", "bio", "created_at", "updated_at") VALUES ($1, $2, $3, $4, $5, $6, $7, $8, $9) RETURNING "id"[0m  [["email", "testemail4@gmail.com"], ["password", "chicken"], ["username", "yokosaito"], ["name", "Yoko Saito"], ["dob", "1983-12-12"], ["avatar", "https://images.unsplash.com/profile-1558935199453-e6a5fbee3b7e?dpr=1&auto=format&fit=crop&w=150&h=150&q=60&crop=faces&bg=fff"], ["bio", "photographer"], ["created_at", "2021-10-25 02:46:41.729221"], ["updated_at", "2021-10-25 02:46:41.729221"]]
  ↳ db/seeds.rb:7
  [1m[35m (2.7ms)[0m  [1m[35mCOMMIT[0m
  ↳ db/seeds.rb:7
  [1m[35m (0.1ms)[0m  [1m[35mBEGIN[0m
  ↳ db/seeds.rb:8
  [1m[36mUser Create (0.3ms)[0m  [1m[32mINSERT INTO "users" ("email", "password", "username", "name", "dob", "avatar", "bio", "created_at", "updated_at") VALUES ($1, $2, $3, $4, $5, $6, $7, $8, $9) RETURNING "id"[0m  [["email", "testemail4@gmail.com"], ["password", "chicken"], ["username", "kristinadelp"], ["name", "Kristina Delp"], ["dob", "2002-08-04"], ["avatar", "https://images.unsplash.com/profile-1609522357713-7de8f47be60bimage?dpr=1&auto=format&fit=crop&w=150&h=150&q=60&crop=faces&bg=fff"], ["bio", "connecticut cinematographer\na place for my still photography."], ["created_at", "2021-10-25 02:46:41.733501"], ["updated_at", "2021-10-25 02:46:41.733501"]]
  ↳ db/seeds.rb:8
  [1m[35m (9.3ms)[0m  [1m[35mCOMMIT[0m
  ↳ db/seeds.rb:8
  [1m[35m (0.4ms)[0m  [1m[34mSELECT COUNT(*) FROM "users"[0m
  ↳ db/seeds.rb:11
  [1m[35m (0.4ms)[0m  [1m[34mSELECT "schema_migrations"."version" FROM "schema_migrations" ORDER BY "schema_migrations"."version" ASC[0m
  ↳ bin/rails:9
  [1m[36mUser Load (0.4ms)[0m  [1m[34mSELECT "users".* FROM "users"[0m
  ↳ db/seeds.rb:1
  [1m[35m (0.3ms)[0m  [1m[35mBEGIN[0m
  ↳ db/seeds.rb:1
  [1m[36mUser Destroy (0.4ms)[0m  [1m[31mDELETE FROM "users" WHERE "users"."id" = $1[0m  [["id", 43]]
  ↳ db/seeds.rb:1
  [1m[35m (2.7ms)[0m  [1m[35mCOMMIT[0m
  ↳ db/seeds.rb:1
  [1m[35m (0.1ms)[0m  [1m[35mBEGIN[0m
  ↳ db/seeds.rb:1
  [1m[36mUser Destroy (0.2ms)[0m  [1m[31mDELETE FROM "users" WHERE "users"."id" = $1[0m  [["id", 44]]
  ↳ db/seeds.rb:1
  [1m[35m (2.7ms)[0m  [1m[35mCOMMIT[0m
  ↳ db/seeds.rb:1
  [1m[35m (0.1ms)[0m  [1m[35mBEGIN[0m
  ↳ db/seeds.rb:1
  [1m[36mUser Destroy (0.4ms)[0m  [1m[31mDELETE FROM "users" WHERE "users"."id" = $1[0m  [["id", 45]]
  ↳ db/seeds.rb:1
  [1m[35m (4.1ms)[0m  [1m[35mCOMMIT[0m
  ↳ db/seeds.rb:1
  [1m[35m (0.1ms)[0m  [1m[35mBEGIN[0m
  ↳ db/seeds.rb:1
  [1m[36mUser Destroy (0.3ms)[0m  [1m[31mDELETE FROM "users" WHERE "users"."id" = $1[0m  [["id", 46]]
  ↳ db/seeds.rb:1
  [1m[35m (13.1ms)[0m  [1m[35mCOMMIT[0m
  ↳ db/seeds.rb:1
  [1m[35m (0.2ms)[0m  [1m[35mBEGIN[0m
  ↳ db/seeds.rb:1
  [1m[36mUser Destroy (0.3ms)[0m  [1m[31mDELETE FROM "users" WHERE "users"."id" = $1[0m  [["id", 47]]
  ↳ db/seeds.rb:1
  [1m[35m (5.0ms)[0m  [1m[35mCOMMIT[0m
  ↳ db/seeds.rb:1
  [1m[35m (0.1ms)[0m  [1m[35mBEGIN[0m
  ↳ db/seeds.rb:1
  [1m[36mUser Destroy (0.3ms)[0m  [1m[31mDELETE FROM "users" WHERE "users"."id" = $1[0m  [["id", 48]]
  ↳ db/seeds.rb:1
  [1m[35m (4.6ms)[0m  [1m[35mCOMMIT[0m
  ↳ db/seeds.rb:1
  [1m[35m (0.1ms)[0m  [1m[35mBEGIN[0m
  ↳ db/seeds.rb:3
  [1m[36mUser Create (0.5ms)[0m  [1m[32mINSERT INTO "users" ("email", "password", "username", "name", "avatar", "bio", "created_at", "updated_at") VALUES ($1, $2, $3, $4, $5, $6, $7, $8) RETURNING "id"[0m  [["email", "traceylea9@gmail.com"], ["password", "chicken"], ["username", "charlottelharrison"], ["name", "Charlotte Harrison"], ["avatar", "https://images.unsplash.com/profile-1620142405492-8002521cec6aimage?dpr=1&auto=format&fit=crop&w=150&h=150&q=60&crop=faces&bg=fff"], ["bio", "In 2010 I graduated from Goldsmiths, University of London. Since then I have worked for leading design agencies, Design Bridge and FITCH. Photography is a passion, which often crosses into my daily work. I specialise in street & portrait photography."], ["created_at", "2021-10-25 02:47:30.908701"], ["updated_at", "2021-10-25 02:47:30.908701"]]
  ↳ db/seeds.rb:3
  [1m[35m (3.7ms)[0m  [1m[35mCOMMIT[0m
  ↳ db/seeds.rb:3
  [1m[35m (0.2ms)[0m  [1m[35mBEGIN[0m
  ↳ db/seeds.rb:4
  [1m[36mUser Create (0.3ms)[0m  [1m[32mINSERT INTO "users" ("email", "password", "username", "name", "dob", "avatar", "bio", "created_at", "updated_at") VALUES ($1, $2, $3, $4, $5, $6, $7, $8, $9) RETURNING "id"[0m  [["email", "testemail1@gmail.com"], ["password", "chicken"], ["username", "el_ego"], ["name", "Elena Gordienko"], ["dob", "1993-02-25"], ["avatar", "https://images.unsplash.com/profile-1596560596229-75e397c42c34image?dpr=1&auto=format&fit=crop&w=150&h=150&q=60&crop=faces&bg=fff"], ["bio", "Я абрикос, на юге рос"], ["created_at", "2021-10-25 02:47:30.915324"], ["updated_at", "2021-10-25 02:47:30.915324"]]
  ↳ db/seeds.rb:4
  [1m[35m (2.7ms)[0m  [1m[35mCOMMIT[0m
  ↳ db/seeds.rb:4
  [1m[35m (0.1ms)[0m  [1m[35mBEGIN[0m
  ↳ db/seeds.rb:5
  [1m[36mUser Create (0.3ms)[0m  [1m[32mINSERT INTO "users" ("email", "password", "username", "name", "dob", "avatar", "bio", "created_at", "updated_at") VALUES ($1, $2, $3, $4, $5, $6, $7, $8, $9) RETURNING "id"[0m  [["email", "testemail2@gmail.com"], ["password", "chicken"], ["username", "pixworthmedia"], ["name", "Eriks Abzinovs"], ["dob", "1972-07-18"], ["avatar", "https://images.unsplash.com/profile-1563200334273-0a1336be3e34?dpr=1&auto=format&fit=crop&w=150&h=150&q=60&crop=faces&bg=fff"], ["bio", "Seeing life through a lens began as a hobby for me, however, it quickly developed into a passion and an outlet for my creativity. the quality of the image and trying to deliver something unique is a key part of my photography"], ["created_at", "2021-10-25 02:47:30.919924"], ["updated_at", "2021-10-25 02:47:30.919924"]]
  ↳ db/seeds.rb:5
  [1m[35m (2.7ms)[0m  [1m[35mCOMMIT[0m
  ↳ db/seeds.rb:5
  [1m[35m (0.1ms)[0m  [1m[35mBEGIN[0m
  ↳ db/seeds.rb:6
  [1m[36mUser Create (0.3ms)[0m  [1m[32mINSERT INTO "users" ("email", "password", "username", "name", "dob", "avatar", "bio", "created_at", "updated_at") VALUES ($1, $2, $3, $4, $5, $6, $7, $8, $9) RETURNING "id"[0m  [["email", "testemail3@gmail.com"], ["password", "chicken"], ["username", "mattpopovich"], ["name", "Matt Popovich"], ["dob", "1981-09-08"], ["avatar", "https://images.unsplash.com/profile-1486040440552-1864100ad7c3?dpr=1&auto=format&fit=crop&w=150&h=150&q=60&crop=faces&bg=fff"], ["bio", "Every photo I upload, including those published after June 2017, has been previously dedicated to the public domain under a CC0 1.0 license."], ["created_at", "2021-10-25 02:47:30.924328"], ["updated_at", "2021-10-25 02:47:30.924328"]]
  ↳ db/seeds.rb:6
  [1m[35m (2.7ms)[0m  [1m[35mCOMMIT[0m
  ↳ db/seeds.rb:6
  [1m[35m (0.2ms)[0m  [1m[35mBEGIN[0m
  ↳ db/seeds.rb:7
  [1m[36mUser Create (0.3ms)[0m  [1m[32mINSERT INTO "users" ("email", "password", "username", "name", "dob", "avatar", "bio", "created_at", "updated_at") VALUES ($1, $2, $3, $4, $5, $6, $7, $8, $9) RETURNING "id"[0m  [["email", "testemail4@gmail.com"], ["password", "chicken"], ["username", "yokosaito"], ["name", "Yoko Saito"], ["dob", "1983-12-12"], ["avatar", "https://images.unsplash.com/profile-1558935199453-e6a5fbee3b7e?dpr=1&auto=format&fit=crop&w=150&h=150&q=60&crop=faces&bg=fff"], ["bio", "photographer"], ["created_at", "2021-10-25 02:47:30.929019"], ["updated_at", "2021-10-25 02:47:30.929019"]]
  ↳ db/seeds.rb:7
  [1m[35m (4.0ms)[0m  [1m[35mCOMMIT[0m
  ↳ db/seeds.rb:7
  [1m[35m (0.1ms)[0m  [1m[35mBEGIN[0m
  ↳ db/seeds.rb:8
  [1m[36mUser Create (0.3ms)[0m  [1m[32mINSERT INTO "users" ("email", "password", "username", "name", "dob", "avatar", "bio", "created_at", "updated_at") VALUES ($1, $2, $3, $4, $5, $6, $7, $8, $9) RETURNING "id"[0m  [["email", "testemail4@gmail.com"], ["password", "chicken"], ["username", "kristinadelp"], ["name", "Kristina Delp"], ["dob", "2002-08-04"], ["avatar", "https://images.unsplash.com/profile-1609522357713-7de8f47be60bimage?dpr=1&auto=format&fit=crop&w=150&h=150&q=60&crop=faces&bg=fff"], ["bio", "connecticut cinematographer\na place for my still photography."], ["created_at", "2021-10-25 02:47:30.934806"], ["updated_at", "2021-10-25 02:47:30.934806"]]
  ↳ db/seeds.rb:8
  [1m[35m (9.4ms)[0m  [1m[35mCOMMIT[0m
  ↳ db/seeds.rb:8
  [1m[35m (0.5ms)[0m  [1m[34mSELECT COUNT(*) FROM "users"[0m
  ↳ db/seeds.rb:11
  [1m[36mPost Load (0.4ms)[0m  [1m[34mSELECT "posts".* FROM "posts"[0m
  ↳ db/seeds.rb:13
  [1m[35m (0.2ms)[0m  [1m[35mBEGIN[0m
  ↳ db/seeds.rb:15
  [1m[36mPost Create (1.3ms)[0m  [1m[32mINSERT INTO "posts" ("photo", "location", "description", "created_at", "updated_at") VALUES ($1, $2, $3, $4, $5) RETURNING "id"[0m  [["photo", "https://images.unsplash.com/photo-1612185447368-a46e8094e2d5?ixlib=rb-1.2.1&ixid=MXwxMjA3fDB8MHxwcm9maWxlLXBhZ2V8MXx8fGVufDB8fHw%3D&auto=format&fit=crop&w=500&q=60"], ["location", "London"], ["description", ""], ["created_at", "2021-10-25 02:47:30.955522"], ["updated_at", "2021-10-25 02:47:30.955522"]]
  ↳ db/seeds.rb:15
  [1m[35m (4.7ms)[0m  [1m[35mCOMMIT[0m
  ↳ db/seeds.rb:15
  [1m[35m (0.1ms)[0m  [1m[35mBEGIN[0m
  ↳ db/seeds.rb:16
  [1m[36mPost Create (0.4ms)[0m  [1m[32mINSERT INTO "posts" ("photo", "location", "description", "created_at", "updated_at") VALUES ($1, $2, $3, $4, $5) RETURNING "id"[0m  [["photo", "https://images.unsplash.com/photo-1612090489399-2f60e1d5e15b?ixid=MXwxMjA3fDB8MHxwcm9maWxlLXBhZ2V8Mnx8fGVufDB8fHw%3D&ixlib=rb-1.2.1&auto=format&fit=crop&w=500&q=60"], ["location", "London"], ["description", ""], ["created_at", "2021-10-25 02:47:30.962989"], ["updated_at", "2021-10-25 02:47:30.962989"]]
  ↳ db/seeds.rb:16
  [1m[35m (3.8ms)[0m  [1m[35mCOMMIT[0m
  ↳ db/seeds.rb:16
  [1m[35m (0.1ms)[0m  [1m[35mBEGIN[0m
  ↳ db/seeds.rb:17
  [1m[36mPost Create (0.3ms)[0m  [1m[32mINSERT INTO "posts" ("photo", "location", "description", "created_at", "updated_at") VALUES ($1, $2, $3, $4, $5) RETURNING "id"[0m  [["photo", "https://images.unsplash.com/photo-1611743139239-2d87c5140dc8?ixid=MXwxMjA3fDB8MHxwcm9maWxlLXBhZ2V8M3x8fGVufDB8fHw%3D&ixlib=rb-1.2.1&auto=format&fit=crop&w=500&q=60"], ["location", "London"], ["description", ""], ["created_at", "2021-10-25 02:47:30.968492"], ["updated_at", "2021-10-25 02:47:30.968492"]]
  ↳ db/seeds.rb:17
  [1m[35m (2.6ms)[0m  [1m[35mCOMMIT[0m
  ↳ db/seeds.rb:17
  [1m[35m (0.1ms)[0m  [1m[35mBEGIN[0m
  ↳ db/seeds.rb:18
  [1m[36mPost Create (0.2ms)[0m  [1m[32mINSERT INTO "posts" ("photo", "location", "description", "created_at", "updated_at") VALUES ($1, $2, $3, $4, $5) RETURNING "id"[0m  [["photo", "https://images.unsplash.com/photo-1608736328531-fbbdd1ccba71?ixid=MXwxMjA3fDB8MHxwcm9maWxlLXBhZ2V8NHx8fGVufDB8fHw%3D&ixlib=rb-1.2.1&auto=format&fit=crop&w=500&q=60"], ["location", "London"], ["description", ""], ["created_at", "2021-10-25 02:47:30.972419"], ["updated_at", "2021-10-25 02:47:30.972419"]]
  ↳ db/seeds.rb:18
  [1m[35m (2.7ms)[0m  [1m[35mCOMMIT[0m
  ↳ db/seeds.rb:18
  [1m[35m (0.1ms)[0m  [1m[35mBEGIN[0m
  ↳ db/seeds.rb:19
  [1m[36mPost Create (0.3ms)[0m  [1m[32mINSERT INTO "posts" ("photo", "location", "description", "created_at", "updated_at") VALUES ($1, $2, $3, $4, $5) RETURNING "id"[0m  [["photo", "https://images.unsplash.com/photo-1603835892619-223c85e588c9?ixid=MXwxMjA3fDB8MHxwcm9maWxlLXBhZ2V8N3x8fGVufDB8fHw%3D&ixlib=rb-1.2.1&auto=format&fit=crop&w=500&q=60"], ["location", "London"], ["description", ""], ["created_at", "2021-10-25 02:47:30.976551"], ["updated_at", "2021-10-25 02:47:30.976551"]]
  ↳ db/seeds.rb:19
  [1m[35m (2.7ms)[0m  [1m[35mCOMMIT[0m
  ↳ db/seeds.rb:19
  [1m[35m (0.2ms)[0m  [1m[35mBEGIN[0m
  ↳ db/seeds.rb:20
  [1m[36mPost Create (0.3ms)[0m  [1m[32mINSERT INTO "posts" ("photo", "location", "description", "created_at", "updated_at") VALUES ($1, $2, $3, $4, $5) RETURNING "id"[0m  [["photo", "https://images.unsplash.com/photo-1601568470023-9e5203c3712f?ixid=MXwxMjA3fDB8MHxwcm9maWxlLXBhZ2V8OXx8fGVufDB8fHw%3D&ixlib=rb-1.2.1&auto=format&fit=crop&w=500&q=60"], ["location", "London"], ["description", ""], ["created_at", "2021-10-25 02:47:30.981421"], ["updated_at", "2021-10-25 02:47:30.981421"]]
  ↳ db/seeds.rb:20
  [1m[35m (4.1ms)[0m  [1m[35mCOMMIT[0m
  ↳ db/seeds.rb:20
  [1m[35m (0.1ms)[0m  [1m[35mBEGIN[0m
  ↳ db/seeds.rb:21
  [1m[36mPost Create (0.3ms)[0m  [1m[32mINSERT INTO "posts" ("photo", "location", "description", "created_at", "updated_at") VALUES ($1, $2, $3, $4, $5) RETURNING "id"[0m  [["photo", "https://images.unsplash.com/photo-1603817895210-ee1f99562fb1?ixid=MXwxMjA3fDB8MHxwcm9maWxlLXBhZ2V8OHx8fGVufDB8fHw%3D&ixlib=rb-1.2.1&auto=format&fit=crop&w=500&q=60"], ["location", "London"], ["description", ""], ["created_at", "2021-10-25 02:47:30.987302"], ["updated_at", "2021-10-25 02:47:30.987302"]]
  ↳ db/seeds.rb:21
  [1m[35m (5.3ms)[0m  [1m[35mCOMMIT[0m
  ↳ db/seeds.rb:21
  [1m[35m (0.1ms)[0m  [1m[35mBEGIN[0m
  ↳ db/seeds.rb:22
  [1m[36mPost Create (0.3ms)[0m  [1m[32mINSERT INTO "posts" ("photo", "location", "description", "created_at", "updated_at") VALUES ($1, $2, $3, $4, $5) RETURNING "id"[0m  [["photo", "https://images.unsplash.com/photo-1603817895210-ee1f99562fb1?ixid=MXwxMjA3fDB8MHxwcm9maWxlLXBhZ2V8OHx8fGVufDB8fHw%3D&ixlib=rb-1.2.1&auto=format&fit=crop&w=500&q=60"], ["location", "London"], ["description", ""], ["created_at", "2021-10-25 02:47:30.994382"], ["updated_at", "2021-10-25 02:47:30.994382"]]
  ↳ db/seeds.rb:22
  [1m[35m (5.2ms)[0m  [1m[35mCOMMIT[0m
  ↳ db/seeds.rb:22
  [1m[35m (0.2ms)[0m  [1m[35mBEGIN[0m
  ↳ db/seeds.rb:23
  [1m[36mPost Create (0.3ms)[0m  [1m[32mINSERT INTO "posts" ("photo", "location", "description", "created_at", "updated_at") VALUES ($1, $2, $3, $4, $5) RETURNING "id"[0m  [["photo", "https://images.unsplash.com/photo-1601547903304-f44f3b054d49?ixid=MXwxMjA3fDB8MHxwcm9maWxlLXBhZ2V8MTB8fHxlbnwwfHx8&ixlib=rb-1.2.1&auto=format&fit=crop&w=500&q=60"], ["location", "London"], ["description", ""], ["created_at", "2021-10-25 02:47:31.001367"], ["updated_at", "2021-10-25 02:47:31.001367"]]
  ↳ db/seeds.rb:23
  [1m[35m (4.8ms)[0m  [1m[35mCOMMIT[0m
  ↳ db/seeds.rb:23
  [1m[35m (0.2ms)[0m  [1m[35mBEGIN[0m
  ↳ db/seeds.rb:24
  [1m[36mPost Create (0.3ms)[0m  [1m[32mINSERT INTO "posts" ("photo", "location", "description", "created_at", "updated_at") VALUES ($1, $2, $3, $4, $5) RETURNING "id"[0m  [["photo", "https://images.unsplash.com/photo-1599691823377-545103b0137c?ixid=MXwxMjA3fDB8MHxwcm9maWxlLXBhZ2V8MTF8fHxlbnwwfHx8&ixlib=rb-1.2.1&auto=format&fit=crop&w=500&q=60"], ["location", "London"], ["description", ""], ["created_at", "2021-10-25 02:47:31.008268"], ["updated_at", "2021-10-25 02:47:31.008268"]]
  ↳ db/seeds.rb:24
  [1m[35m (3.8ms)[0m  [1m[35mCOMMIT[0m
  ↳ db/seeds.rb:24
  [1m[35m (0.3ms)[0m  [1m[34mSELECT COUNT(*) FROM "posts"[0m
  ↳ db/seeds.rb:26
